Log file open, 11/14/22 22:03:47
LogWindows: Failed to load 'aqProf.dll' (GetLastError=126)
LogWindows: File 'aqProf.dll' does not exist
LogWindows: Failed to load 'VtuneApi.dll' (GetLastError=126)
LogWindows: File 'VtuneApi.dll' does not exist
LogWindows: Failed to load 'VtuneApi32e.dll' (GetLastError=126)
LogWindows: File 'VtuneApi32e.dll' does not exist
LogConsoleResponse: Display: Failed to find resolution value strings in scalability ini. Falling back to default.
LogConsoleResponse: Display: Failed to find resolution value strings in scalability ini. Falling back to default.
LogInit: Display: Running engine for game: MyProject
LogPlatformFile: Not using cached read wrapper
LogTaskGraph: Started task graph with 5 named threads and 20 total threads with 3 sets of task threads.
LogStats: Stats thread started at 0.207007
LogICUInternationalization: ICU TimeZone Detection - Raw Offset: +3:00, Platform Override: ''
LogInit: Display: Loading text-based GConfig....
LogPluginManager: Mounting plugin MeshPainting
LogPluginManager: Mounting plugin XGEController
LogPluginManager: Mounting plugin Paper2D
LogPluginManager: Mounting plugin AISupport
LogPluginManager: Mounting plugin LightPropagationVolume
LogPluginManager: Mounting plugin EnvironmentQueryEditor
LogPluginManager: Mounting plugin LiveLink
LogPluginManager: Mounting plugin CameraShakePreviewer
LogPluginManager: Mounting plugin GameplayCameras
LogPluginManager: Mounting plugin OodleData
LogPluginManager: Mounting plugin OodleNetwork
LogPluginManager: Mounting plugin AnimationSharing
LogPluginManager: Mounting plugin CLionSourceCodeAccess
LogPluginManager: Mounting plugin CodeLiteSourceCodeAccess
LogPluginManager: Mounting plugin GitSourceControl
LogPluginManager: Mounting plugin KDevelopSourceCodeAccess
LogPluginManager: Mounting plugin NullSourceCodeAccess
LogPluginManager: Mounting plugin PerforceSourceControl
LogPluginManager: Mounting plugin PixWinPlugin
LogPluginManager: Mounting plugin PlasticSourceControl
LogPluginManager: Mounting plugin PluginUtils
LogPluginManager: Mounting plugin PropertyAccessNode
LogPluginManager: Mounting plugin RiderSourceCodeAccess
LogPluginManager: Mounting plugin SubversionSourceControl
LogPluginManager: Mounting plugin TextureFormatOodle
LogPluginManager: Mounting plugin UObjectPlugin
LogPluginManager: Mounting plugin VisualStudioCodeSourceCodeAccess
LogPluginManager: Mounting plugin VisualStudioSourceCodeAccess
LogPluginManager: Mounting plugin AssetManagerEditor
LogPluginManager: Mounting plugin XCodeSourceCodeAccess
LogPluginManager: Mounting plugin CryptoKeys
LogPluginManager: Mounting plugin CurveEditorTools
LogPluginManager: Mounting plugin DatasmithContent
LogPluginManager: Mounting plugin DataValidation
LogPluginManager: Mounting plugin FacialAnimation
LogPluginManager: Mounting plugin GameplayTagsEditor
LogPluginManager: Mounting plugin GeometryMode
LogPluginManager: Mounting plugin VariantManagerContent
LogPluginManager: Mounting plugin MacGraphicsSwitching
LogPluginManager: Mounting plugin MaterialAnalyzer
LogPluginManager: Mounting plugin MobileLauncherProfileWizard
LogPluginManager: Mounting plugin PluginBrowser
LogPluginManager: Mounting plugin SpeedTreeImporter
LogPluginManager: Mounting plugin Niagara
LogPluginManager: Mounting plugin AlembicImporter
LogPluginManager: Mounting plugin BackChannel
LogPluginManager: Mounting plugin AutomationUtils
LogPluginManager: Mounting plugin ChaosCloth
LogPluginManager: Mounting plugin ChaosClothEditor
LogPluginManager: Mounting plugin ChaosEditor
LogPluginManager: Mounting plugin ChaosNiagara
LogPluginManager: Mounting plugin ChaosSolverPlugin
LogPluginManager: Mounting plugin CharacterAI
LogPluginManager: Mounting plugin LuminPlatformFeatures
LogPluginManager: Mounting plugin MagicLeap
LogPluginManager: Mounting plugin MagicLeapLightEstimation
LogPluginManager: Mounting plugin MagicLeapMedia
LogPluginManager: Mounting plugin MagicLeapPassableWorld
LogPluginManager: Mounting plugin MLSDK
LogPluginManager: Mounting plugin GeometryCache
LogPluginManager: Mounting plugin GeometryCollectionPlugin
LogPluginManager: Mounting plugin GeometryProcessing
LogPluginManager: Mounting plugin MotoSynth
LogPluginManager: Mounting plugin OpenImageDenoise
LogPluginManager: Mounting plugin PlanarCut
LogPluginManager: Mounting plugin PlatformCrypto
LogPluginManager: Mounting plugin ProxyLODPlugin
LogPluginManager: Mounting plugin PythonScriptPlugin
LogPluginManager: Mounting plugin AndroidMedia
LogPluginManager: Mounting plugin AvfMedia
LogPluginManager: Mounting plugin ImgMedia
LogPluginManager: Mounting plugin MediaCompositing
LogPluginManager: Mounting plugin MediaPlayerEditor
LogPluginManager: Mounting plugin WebMMedia
LogPluginManager: Mounting plugin WmfMedia
LogPluginManager: Mounting plugin SkeletalReduction
LogPluginManager: Mounting plugin TcpMessaging
LogPluginManager: Mounting plugin UdpMessaging
LogPluginManager: Mounting plugin ActorSequence
LogPluginManager: Mounting plugin LevelSequenceEditor
LogPluginManager: Mounting plugin MatineeToLevelSequence
LogPluginManager: Mounting plugin TemplateSequence
LogPluginManager: Mounting plugin OnlineSubsystem
LogPluginManager: Mounting plugin LauncherChunkInstaller
LogPluginManager: Mounting plugin OnlineSubsystemNull
LogPluginManager: Mounting plugin OnlineSubsystemUtils
LogPluginManager: Mounting plugin ActorLayerUtilities
LogPluginManager: Mounting plugin AndroidDeviceProfileSelector
LogPluginManager: Mounting plugin AndroidMoviePlayer
LogPluginManager: Mounting plugin AppleImageUtils
LogPluginManager: Mounting plugin AppleMoviePlayer
LogPluginManager: Mounting plugin ArchVisCharacter
LogPluginManager: Mounting plugin AssetTags
LogPluginManager: Mounting plugin AudioCapture
LogPluginManager: Mounting plugin CableComponent
LogPluginManager: Mounting plugin ChunkDownloader
LogPluginManager: Mounting plugin AudioSynesthesia
LogPluginManager: Mounting plugin AndroidPermission
LogPluginManager: Mounting plugin CustomMeshComponent
LogPluginManager: Mounting plugin EditableMesh
LogPluginManager: Mounting plugin ExampleDeviceProfileSelector
LogPluginManager: Mounting plugin IOSDeviceProfileSelector
LogPluginManager: Mounting plugin GoogleCloudMessaging
LogPluginManager: Mounting plugin LinuxDeviceProfileSelector
LogPluginManager: Mounting plugin LocationServicesBPLibrary
LogPluginManager: Mounting plugin MobilePatchingUtils
LogPluginManager: Mounting plugin GooglePAD
LogPluginManager: Mounting plugin OpenXR
LogPluginManager: Mounting plugin OpenXREyeTracker
LogPluginManager: Mounting plugin ScreenshotTools
LogPluginManager: Mounting plugin OpenXRHandTracking
LogPluginManager: Mounting plugin PhysXVehicles
LogPluginManager: Mounting plugin PostSplashScreen
LogPluginManager: Mounting plugin ProceduralMeshComponent
LogPluginManager: Mounting plugin PropertyAccessEditor
LogPluginManager: Mounting plugin RuntimePhysXCooking
LogPluginManager: Mounting plugin SignificanceManager
LogPluginManager: Mounting plugin SoundFields
LogPluginManager: Mounting plugin Synthesis
LogPluginManager: Mounting plugin Takes
LogPluginManager: Mounting plugin WebMMoviePlayer
LogPluginManager: Mounting plugin WindowsMoviePlayer
LogPluginManager: Mounting plugin ContentBrowserAssetDataSource
LogPluginManager: Mounting plugin ContentBrowserClassDataSource
LogPluginManager: Mounting plugin ContentBrowserFileDataSource
LogPluginManager: Mounting plugin OnlineSubsystemIOS
LogPluginManager: Mounting plugin OnlineSubsystemGooglePlay
LogPluginManager: Mounting plugin OculusVR
LogPluginManager: Mounting plugin SteamVR
PixWinPlugin: PIX capture plugin failed to initialize! Check that the process is launched from PIX.
LogInit: Using libcurl 7.55.1-DEV
LogInit:  - built for x86_64-pc-win32
LogInit:  - supports SSL with OpenSSL/1.1.1
LogInit:  - supports HTTP deflate (compression) using libz 1.2.8
LogInit:  - other features:
LogInit:      CURL_VERSION_SSL
LogInit:      CURL_VERSION_LIBZ
LogInit:      CURL_VERSION_IPV6
LogInit:      CURL_VERSION_ASYNCHDNS
LogInit:      CURL_VERSION_LARGEFILE
LogInit:      CURL_VERSION_IDN
LogInit:  CurlRequestOptions (configurable via config and command line):
LogInit:  - bVerifyPeer = true  - Libcurl will verify peer certificate
LogInit:  - bUseHttpProxy = false  - Libcurl will NOT use HTTP proxy
LogInit:  - bDontReuseConnections = false  - Libcurl will reuse connections
LogInit:  - MaxHostConnections = 16  - Libcurl will limit the number of connections to a host
LogInit:  - LocalHostAddr = Default
LogInit:  - BufferSize = 65536
LogOnline: OSS: Creating online subsystem instance for: NULL
LogInit: WinSock: version 1.1 (2.2), MaxSocks=32767, MaxUdp=65467
LogOnline: OSS: TryLoadSubsystemAndSetDefault: Loaded subsystem for module [NULL]
LogOculusPluginWrapper: OculusPlugin initialized successfully
LogHMD: Failed initializing OVRPlugin 1.59.0
LogInit: Build: ++UE4+Release-4.27-CL-18319896
LogInit: Engine Version: 4.27.2-18319896+++UE4+Release-4.27
LogInit: Compatible Engine Version: 4.27.0-17155196+++UE4+Release-4.27
LogInit: Net CL: 17155196
LogInit: OS: Windows 10 (Release 2009) (), CPU: Intel(R) Core(TM) i5-9400 CPU @ 2.90GHz, GPU: NVIDIA GeForce GTX 1660 Ti
LogInit: Compiled (64-bit): Nov 30 2021 07:12:08
LogInit: Compiled with Visual C++: 19.24.28315.00
LogInit: Build Configuration: Development
LogInit: Branch Name: ++UE4+Release-4.27
LogInit: Command Line: 
LogInit: Base Directory: C:/UE_4.27/Engine/Binaries/Win64/
LogInit: Allocator: TBB
LogInit: Installed Engine Build: 1
LogDevObjectVersion: Number of dev versions registered: 29
LogDevObjectVersion:   Dev-Blueprints (B0D832E4-1F89-4F0D-ACCF-7EB736FD4AA2): 10
LogDevObjectVersion:   Dev-Build (E1C64328-A22C-4D53-A36C-8E866417BD8C): 0
LogDevObjectVersion:   Dev-Core (375EC13C-06E4-48FB-B500-84F0262A717E): 4
LogDevObjectVersion:   Dev-Editor (E4B068ED-F494-42E9-A231-DA0B2E46BB41): 40
LogDevObjectVersion:   Dev-Framework (CFFC743F-43B0-4480-9391-14DF171D2073): 37
LogDevObjectVersion:   Dev-Mobile (B02B49B5-BB20-44E9-A304-32B752E40360): 3
LogDevObjectVersion:   Dev-Networking (A4E4105C-59A1-49B5-A7C5-40C4547EDFEE): 0
LogDevObjectVersion:   Dev-Online (39C831C9-5AE6-47DC-9A44-9C173E1C8E7C): 0
LogDevObjectVersion:   Dev-Physics (78F01B33-EBEA-4F98-B9B4-84EACCB95AA2): 14
LogDevObjectVersion:   Dev-Platform (6631380F-2D4D-43E0-8009-CF276956A95A): 0
LogDevObjectVersion:   Dev-Rendering (12F88B9F-8875-4AFC-A67C-D90C383ABD29): 45
LogDevObjectVersion:   Dev-Sequencer (7B5AE74C-D270-4C10-A958-57980B212A5A): 13
LogDevObjectVersion:   Dev-VR (D7296918-1DD6-4BDD-9DE2-64A83CC13884): 3
LogDevObjectVersion:   Dev-LoadTimes (C2A15278-BFE7-4AFE-6C17-90FF531DF755): 1
LogDevObjectVersion:   Private-Geometry (6EACA3D4-40EC-4CC1-B786-8BED09428FC5): 3
LogDevObjectVersion:   Dev-AnimPhys (29E575DD-E0A3-4627-9D10-D276232CDCEA): 17
LogDevObjectVersion:   Dev-Anim (AF43A65D-7FD3-4947-9873-3E8ED9C1BB05): 15
LogDevObjectVersion:   Dev-ReflectionCapture (6B266CEC-1EC7-4B8F-A30B-E4D90942FC07): 1
LogDevObjectVersion:   Dev-Automation (0DF73D61-A23F-47EA-B727-89E90C41499A): 1
LogDevObjectVersion:   FortniteMain (601D1886-AC64-4F84-AA16-D3DE0DEAC7D6): 47
LogDevObjectVersion:   FortniteRelease (E7086368-6B23-4C58-8439-1B7016265E91): 1
LogDevObjectVersion:   Dev-Enterprise (9DFFBCD6-494F-0158-E221-12823C92A888): 10
LogDevObjectVersion:   Dev-Niagara (F2AED0AC-9AFE-416F-8664-AA7FFA26D6FC): 1
LogDevObjectVersion:   Dev-Destruction (174F1F0B-B4C6-45A5-B13F-2EE8D0FB917D): 10
LogDevObjectVersion:   Dev-Physics-Ext (35F94A83-E258-406C-A318-09F59610247C): 41
LogDevObjectVersion:   Dev-PhysicsMaterial-Chaos (B68FC16E-8B1B-42E2-B453-215C058844FE): 1
LogDevObjectVersion:   Dev-CineCamera (B2E18506-4273-CFC2-A54E-F4BB758BBA07): 1
LogDevObjectVersion:   Dev-VirtualProduction (64F58936-FD1B-42BA-BA96-7289D5D0FA4E): 1
LogDevObjectVersion:   Dev-MediaFramework (6F0ED827-A609-4895-9C91-998D90180EA4): 2
LogInit: Presizing for max 25165824 objects, including 0 objects not considered by GC, pre-allocating 0 bytes for permanent pool.
LogConfig: Applying CVar settings from Section [/Script/Engine.StreamingSettings] File [C:/Users/latys/OneDrive/Документы/Unreal Projects/MyProject/Saved/Config/Windows/Engine.ini]
LogConfig: Setting CVar [[s.MinBulkDataSizeForAsyncLoading:131072]]
LogConfig: Setting CVar [[s.AsyncLoadingThreadEnabled:0]]
LogConfig: Setting CVar [[s.EventDrivenLoaderEnabled:1]]
LogConfig: Setting CVar [[s.WarnIfTimeLimitExceeded:0]]
LogConfig: Setting CVar [[s.TimeLimitExceededMultiplier:1.5]]
LogConfig: Setting CVar [[s.TimeLimitExceededMinTime:0.005]]
LogConfig: Setting CVar [[s.UseBackgroundLevelStreaming:1]]
LogConfig: Setting CVar [[s.PriorityAsyncLoadingExtraTime:15.0]]
LogConfig: Setting CVar [[s.LevelStreamingActorsUpdateTimeLimit:5.0]]
LogConfig: Setting CVar [[s.PriorityLevelStreamingActorsUpdateExtraTime:5.0]]
LogConfig: Setting CVar [[s.LevelStreamingComponentsRegistrationGranularity:10]]
LogConfig: Setting CVar [[s.UnregisterComponentsTimeLimit:1.0]]
LogConfig: Setting CVar [[s.LevelStreamingComponentsUnregistrationGranularity:5]]
LogConfig: Setting CVar [[s.FlushStreamingOnExit:1]]
LogInit: Object subsystem initialized
LogConfig: Setting CVar [[con.DebugEarlyDefault:1]]
LogConfig: Setting CVar [[r.setres:1280x720]]
[2022.11.14-19.03.48:432][  0]LogConfig: Setting CVar [[r.VSync:0]]
[2022.11.14-19.03.48:432][  0]LogConfig: Setting CVar [[r.RHICmdBypass:0]]
[2022.11.14-19.03.48:432][  0]LogConfig: Applying CVar settings from Section [/Script/Engine.RendererSettings] File [C:/Users/latys/OneDrive/Документы/Unreal Projects/MyProject/Saved/Config/Windows/Engine.ini]
[2022.11.14-19.03.48:432][  0]LogConfig: Setting CVar [[r.GPUCrashDebugging:0]]
[2022.11.14-19.03.48:432][  0]LogConfig: Applying CVar settings from Section [/Script/Engine.RendererOverrideSettings] File [C:/Users/latys/OneDrive/Документы/Unreal Projects/MyProject/Saved/Config/Windows/Engine.ini]
[2022.11.14-19.03.48:432][  0]LogConfig: Applying CVar settings from Section [/Script/Engine.StreamingSettings] File [C:/Users/latys/OneDrive/Документы/Unreal Projects/MyProject/Saved/Config/Windows/Engine.ini]
[2022.11.14-19.03.48:432][  0]LogConfig: Setting CVar [[s.MinBulkDataSizeForAsyncLoading:131072]]
[2022.11.14-19.03.48:432][  0]LogConfig: Setting CVar [[s.AsyncLoadingThreadEnabled:0]]
[2022.11.14-19.03.48:432][  0]LogConfig: Setting CVar [[s.EventDrivenLoaderEnabled:1]]
[2022.11.14-19.03.48:432][  0]LogConfig: Setting CVar [[s.WarnIfTimeLimitExceeded:0]]
[2022.11.14-19.03.48:432][  0]LogConfig: Setting CVar [[s.TimeLimitExceededMultiplier:1.5]]
[2022.11.14-19.03.48:432][  0]LogConfig: Setting CVar [[s.TimeLimitExceededMinTime:0.005]]
[2022.11.14-19.03.48:432][  0]LogConfig: Setting CVar [[s.UseBackgroundLevelStreaming:1]]
[2022.11.14-19.03.48:433][  0]LogConfig: Setting CVar [[s.PriorityAsyncLoadingExtraTime:15.0]]
[2022.11.14-19.03.48:433][  0]LogConfig: Setting CVar [[s.LevelStreamingActorsUpdateTimeLimit:5.0]]
[2022.11.14-19.03.48:433][  0]LogConfig: Setting CVar [[s.PriorityLevelStreamingActorsUpdateExtraTime:5.0]]
[2022.11.14-19.03.48:433][  0]LogConfig: Setting CVar [[s.LevelStreamingComponentsRegistrationGranularity:10]]
[2022.11.14-19.03.48:433][  0]LogConfig: Setting CVar [[s.UnregisterComponentsTimeLimit:1.0]]
[2022.11.14-19.03.48:433][  0]LogConfig: Setting CVar [[s.LevelStreamingComponentsUnregistrationGranularity:5]]
[2022.11.14-19.03.48:433][  0]LogConfig: Setting CVar [[s.FlushStreamingOnExit:1]]
[2022.11.14-19.03.48:433][  0]LogConfig: Applying CVar settings from Section [/Script/Engine.GarbageCollectionSettings] File [C:/Users/latys/OneDrive/Документы/Unreal Projects/MyProject/Saved/Config/Windows/Engine.ini]
[2022.11.14-19.03.48:433][  0]LogConfig: Setting CVar [[gc.MaxObjectsNotConsideredByGC:1]]
[2022.11.14-19.03.48:433][  0]LogConfig: Setting CVar [[gc.SizeOfPermanentObjectPool:0]]
[2022.11.14-19.03.48:433][  0]LogConfig: Setting CVar [[gc.FlushStreamingOnGC:0]]
[2022.11.14-19.03.48:433][  0]LogConfig: Setting CVar [[gc.NumRetriesBeforeForcingGC:10]]
[2022.11.14-19.03.48:433][  0]LogConfig: Setting CVar [[gc.AllowParallelGC:1]]
[2022.11.14-19.03.48:433][  0]LogConfig: Setting CVar [[gc.TimeBetweenPurgingPendingKillObjects:61.1]]
[2022.11.14-19.03.48:433][  0]LogConfig: Setting CVar [[gc.MaxObjectsInEditor:25165824]]
[2022.11.14-19.03.48:433][  0]LogConfig: Setting CVar [[gc.IncrementalBeginDestroyEnabled:1]]
[2022.11.14-19.03.48:433][  0]LogConfig: Setting CVar [[gc.CreateGCClusters:1]]
[2022.11.14-19.03.48:433][  0]LogConfig: Setting CVar [[gc.MinGCClusterSize:5]]
[2022.11.14-19.03.48:433][  0]LogConfig: Setting CVar [[gc.ActorClusteringEnabled:0]]
[2022.11.14-19.03.48:433][  0]LogConfig: Setting CVar [[gc.BlueprintClusteringEnabled:0]]
[2022.11.14-19.03.48:433][  0]LogConfig: Setting CVar [[gc.UseDisregardForGCOnDedicatedServers:0]]
[2022.11.14-19.03.48:433][  0]LogConfig: Setting CVar [[gc.MultithreadedDestructionEnabled:1]]
[2022.11.14-19.03.48:433][  0]LogConfig: Applying CVar settings from Section [/Script/Engine.NetworkSettings] File [C:/Users/latys/OneDrive/Документы/Unreal Projects/MyProject/Saved/Config/Windows/Engine.ini]
[2022.11.14-19.03.48:433][  0]LogConfig: Applying CVar settings from Section [/Script/UnrealEd.CookerSettings] File [C:/Users/latys/OneDrive/Документы/Unreal Projects/MyProject/Saved/Config/Windows/Engine.ini]
[2022.11.14-19.03.48:441][  0]LogConfig: Applying CVar settings from Section [ViewDistanceQuality@3] File [C:/Users/latys/OneDrive/Документы/Unreal Projects/MyProject/Saved/Config/Windows/Scalability.ini]
[2022.11.14-19.03.48:441][  0]LogConfig: Setting CVar [[r.SkeletalMeshLODBias:0]]
[2022.11.14-19.03.48:441][  0]LogConfig: Setting CVar [[r.ViewDistanceScale:1.0]]
[2022.11.14-19.03.48:441][  0]LogConfig: Applying CVar settings from Section [AntiAliasingQuality@3] File [C:/Users/latys/OneDrive/Документы/Unreal Projects/MyProject/Saved/Config/Windows/Scalability.ini]
[2022.11.14-19.03.48:441][  0]LogConfig: Setting CVar [[r.PostProcessAAQuality:4]]
[2022.11.14-19.03.48:441][  0]LogConfig: Applying CVar settings from Section [ShadowQuality@3] File [C:/Users/latys/OneDrive/Документы/Unreal Projects/MyProject/Saved/Config/Windows/Scalability.ini]
[2022.11.14-19.03.48:441][  0]LogConfig: Setting CVar [[r.LightFunctionQuality:1]]
[2022.11.14-19.03.48:441][  0]LogConfig: Setting CVar [[r.ShadowQuality:5]]
[2022.11.14-19.03.48:441][  0]LogConfig: Setting CVar [[r.Shadow.CSM.MaxCascades:10]]
[2022.11.14-19.03.48:441][  0]LogConfig: Setting CVar [[r.Shadow.MaxResolution:2048]]
[2022.11.14-19.03.48:441][  0]LogConfig: Setting CVar [[r.Shadow.MaxCSMResolution:2048]]
[2022.11.14-19.03.48:441][  0]LogConfig: Setting CVar [[r.Shadow.RadiusThreshold:0.01]]
[2022.11.14-19.03.48:441][  0]LogConfig: Setting CVar [[r.Shadow.DistanceScale:1.0]]
[2022.11.14-19.03.48:441][  0]LogConfig: Setting CVar [[r.Shadow.CSM.TransitionScale:1.0]]
[2022.11.14-19.03.48:441][  0]LogConfig: Setting CVar [[r.Shadow.PreShadowResolutionFactor:1.0]]
[2022.11.14-19.03.48:441][  0]LogConfig: Setting CVar [[r.DistanceFieldShadowing:1]]
[2022.11.14-19.03.48:441][  0]LogConfig: Setting CVar [[r.DistanceFieldAO:1]]
[2022.11.14-19.03.48:441][  0]LogConfig: Setting CVar [[r.AOQuality:2]]
[2022.11.14-19.03.48:441][  0]LogConfig: Setting CVar [[r.VolumetricFog:1]]
[2022.11.14-19.03.48:441][  0]LogConfig: Setting CVar [[r.VolumetricFog.GridPixelSize:8]]
[2022.11.14-19.03.48:441][  0]LogConfig: Setting CVar [[r.VolumetricFog.GridSizeZ:128]]
[2022.11.14-19.03.48:441][  0]LogConfig: Setting CVar [[r.VolumetricFog.HistoryMissSupersampleCount:4]]
[2022.11.14-19.03.48:441][  0]LogConfig: Setting CVar [[r.LightMaxDrawDistanceScale:1]]
[2022.11.14-19.03.48:441][  0]LogConfig: Setting CVar [[r.CapsuleShadows:1]]
[2022.11.14-19.03.48:441][  0]LogConfig: Applying CVar settings from Section [PostProcessQuality@3] File [C:/Users/latys/OneDrive/Документы/Unreal Projects/MyProject/Saved/Config/Windows/Scalability.ini]
[2022.11.14-19.03.48:441][  0]LogConfig: Setting CVar [[r.MotionBlurQuality:4]]
[2022.11.14-19.03.48:441][  0]LogConfig: Setting CVar [[r.AmbientOcclusionMipLevelFactor:0.4]]
[2022.11.14-19.03.48:441][  0]LogConfig: Setting CVar [[r.AmbientOcclusionMaxQuality:100]]
[2022.11.14-19.03.48:441][  0]LogConfig: Setting CVar [[r.AmbientOcclusionLevels:-1]]
[2022.11.14-19.03.48:441][  0]LogConfig: Setting CVar [[r.AmbientOcclusionRadiusScale:1.0]]
[2022.11.14-19.03.48:441][  0]LogConfig: Setting CVar [[r.DepthOfFieldQuality:2]]
[2022.11.14-19.03.48:441][  0]LogConfig: Setting CVar [[r.RenderTargetPoolMin:400]]
[2022.11.14-19.03.48:441][  0]LogConfig: Setting CVar [[r.LensFlareQuality:2]]
[2022.11.14-19.03.48:441][  0]LogConfig: Setting CVar [[r.SceneColorFringeQuality:1]]
[2022.11.14-19.03.48:442][  0]LogConfig: Setting CVar [[r.EyeAdaptationQuality:2]]
[2022.11.14-19.03.48:442][  0]LogConfig: Setting CVar [[r.BloomQuality:5]]
[2022.11.14-19.03.48:442][  0]LogConfig: Setting CVar [[r.FastBlurThreshold:100]]
[2022.11.14-19.03.48:442][  0]LogConfig: Setting CVar [[r.Upscale.Quality:3]]
[2022.11.14-19.03.48:442][  0]LogConfig: Setting CVar [[r.Tonemapper.GrainQuantization:1]]
[2022.11.14-19.03.48:442][  0]LogConfig: Setting CVar [[r.LightShaftQuality:1]]
[2022.11.14-19.03.48:442][  0]LogConfig: Setting CVar [[r.Filter.SizeScale:1]]
[2022.11.14-19.03.48:442][  0]LogConfig: Setting CVar [[r.Tonemapper.Quality:5]]
[2022.11.14-19.03.48:442][  0]LogConfig: Setting CVar [[r.DOF.Gather.AccumulatorQuality:1        ; higher gathering accumulator quality]]
[2022.11.14-19.03.48:442][  0]LogConfig: Setting CVar [[r.DOF.Gather.PostfilterMethod:1          ; Median3x3 postfilering method]]
[2022.11.14-19.03.48:442][  0]LogConfig: Setting CVar [[r.DOF.Gather.EnableBokehSettings:0       ; no bokeh simulation when gathering]]
[2022.11.14-19.03.48:442][  0]LogConfig: Setting CVar [[r.DOF.Gather.RingCount:4                 ; medium number of samples when gathering]]
[2022.11.14-19.03.48:442][  0]LogConfig: Setting CVar [[r.DOF.Scatter.ForegroundCompositing:1    ; additive foreground scattering]]
[2022.11.14-19.03.48:442][  0]LogConfig: Setting CVar [[r.DOF.Scatter.BackgroundCompositing:2    ; additive background scattering]]
[2022.11.14-19.03.48:442][  0]LogConfig: Setting CVar [[r.DOF.Scatter.EnableBokehSettings:1      ; bokeh simulation when scattering]]
[2022.11.14-19.03.48:442][  0]LogConfig: Setting CVar [[r.DOF.Scatter.MaxSpriteRatio:0.1         ; only a maximum of 10% of scattered bokeh]]
[2022.11.14-19.03.48:442][  0]LogConfig: Setting CVar [[r.DOF.Recombine.Quality:1                ; cheap slight out of focus]]
[2022.11.14-19.03.48:442][  0]LogConfig: Setting CVar [[r.DOF.Recombine.EnableBokehSettings:0    ; no bokeh simulation on slight out of focus]]
[2022.11.14-19.03.48:442][  0]LogConfig: Setting CVar [[r.DOF.TemporalAAQuality:1                ; more stable temporal accumulation]]
[2022.11.14-19.03.48:442][  0]LogConfig: Setting CVar [[r.DOF.Kernel.MaxForegroundRadius:0.025]]
[2022.11.14-19.03.48:442][  0]LogConfig: Setting CVar [[r.DOF.Kernel.MaxBackgroundRadius:0.025]]
[2022.11.14-19.03.48:442][  0]LogConfig: Applying CVar settings from Section [TextureQuality@3] File [C:/Users/latys/OneDrive/Документы/Unreal Projects/MyProject/Saved/Config/Windows/Scalability.ini]
[2022.11.14-19.03.48:442][  0]LogConfig: Setting CVar [[r.Streaming.MipBias:0]]
[2022.11.14-19.03.48:442][  0]LogConfig: Setting CVar [[r.Streaming.AmortizeCPUToGPUCopy:0]]
[2022.11.14-19.03.48:442][  0]LogConfig: Setting CVar [[r.Streaming.MaxNumTexturesToStreamPerFrame:0]]
[2022.11.14-19.03.48:442][  0]LogConfig: Setting CVar [[r.Streaming.Boost:1]]
[2022.11.14-19.03.48:442][  0]LogConfig: Setting CVar [[r.MaxAnisotropy:8]]
[2022.11.14-19.03.48:442][  0]LogConfig: Setting CVar [[r.VT.MaxAnisotropy:8]]
[2022.11.14-19.03.48:442][  0]LogConfig: Setting CVar [[r.Streaming.LimitPoolSizeToVRAM:0]]
[2022.11.14-19.03.48:442][  0]LogConfig: Setting CVar [[r.Streaming.PoolSize:1000]]
[2022.11.14-19.03.48:442][  0]LogConfig: Setting CVar [[r.Streaming.MaxEffectiveScreenSize:0]]
[2022.11.14-19.03.48:442][  0]LogConfig: Applying CVar settings from Section [EffectsQuality@3] File [C:/Users/latys/OneDrive/Документы/Unreal Projects/MyProject/Saved/Config/Windows/Scalability.ini]
[2022.11.14-19.03.48:442][  0]LogConfig: Setting CVar [[r.TranslucencyLightingVolumeDim:64]]
[2022.11.14-19.03.48:442][  0]LogConfig: Setting CVar [[r.RefractionQuality:2]]
[2022.11.14-19.03.48:442][  0]LogConfig: Setting CVar [[r.SSR.Quality:3]]
[2022.11.14-19.03.48:442][  0]LogConfig: Setting CVar [[r.SSR.HalfResSceneColor:0]]
[2022.11.14-19.03.48:442][  0]LogConfig: Setting CVar [[r.SceneColorFormat:4]]
[2022.11.14-19.03.48:442][  0]LogConfig: Setting CVar [[r.DetailMode:2]]
[2022.11.14-19.03.48:442][  0]LogConfig: Setting CVar [[r.TranslucencyVolumeBlur:1]]
[2022.11.14-19.03.48:442][  0]LogConfig: Setting CVar [[r.MaterialQualityLevel:1 ; High quality]]
[2022.11.14-19.03.48:442][  0]LogConfig: Setting CVar [[r.AnisotropicMaterials:1]]
[2022.11.14-19.03.48:442][  0]LogConfig: Setting CVar [[r.SSS.Scale:1]]
[2022.11.14-19.03.48:442][  0]LogConfig: Setting CVar [[r.SSS.SampleSet:2]]
[2022.11.14-19.03.48:442][  0]LogConfig: Setting CVar [[r.SSS.Quality:1]]
[2022.11.14-19.03.48:442][  0]LogConfig: Setting CVar [[r.SSS.HalfRes:0]]
[2022.11.14-19.03.48:442][  0]LogConfig: Setting CVar [[r.SSGI.Quality:3]]
[2022.11.14-19.03.48:442][  0]LogConfig: Setting CVar [[r.EmitterSpawnRateScale:1.0]]
[2022.11.14-19.03.48:442][  0]LogConfig: Setting CVar [[r.ParticleLightQuality:2]]
[2022.11.14-19.03.48:442][  0]LogConfig: Setting CVar [[r.SkyAtmosphere.AerialPerspectiveLUT.FastApplyOnOpaque:1 ; Always have FastSkyLUT 1 in this case to avoid wrong sky]]
[2022.11.14-19.03.48:442][  0]LogConfig: Setting CVar [[r.SkyAtmosphere.AerialPerspectiveLUT.SampleCountMaxPerSlice:4]]
[2022.11.14-19.03.48:442][  0]LogConfig: Setting CVar [[r.SkyAtmosphere.AerialPerspectiveLUT.DepthResolution:16.0]]
[2022.11.14-19.03.48:442][  0]LogConfig: Setting CVar [[r.SkyAtmosphere.FastSkyLUT:1]]
[2022.11.14-19.03.48:442][  0]LogConfig: Setting CVar [[r.SkyAtmosphere.FastSkyLUT.SampleCountMin:4.0]]
[2022.11.14-19.03.48:442][  0]LogConfig: Setting CVar [[r.SkyAtmosphere.FastSkyLUT.SampleCountMax:128.0]]
[2022.11.14-19.03.48:442][  0]LogConfig: Setting CVar [[r.SkyAtmosphere.SampleCountMin:4.0]]
[2022.11.14-19.03.48:442][  0]LogConfig: Setting CVar [[r.SkyAtmosphere.SampleCountMax:128.0]]
[2022.11.14-19.03.48:442][  0]LogConfig: Setting CVar [[r.SkyAtmosphere.TransmittanceLUT.UseSmallFormat:0]]
[2022.11.14-19.03.48:442][  0]LogConfig: Setting CVar [[r.SkyAtmosphere.TransmittanceLUT.SampleCount:10.0]]
[2022.11.14-19.03.48:442][  0]LogConfig: Setting CVar [[r.SkyAtmosphere.MultiScatteringLUT.SampleCount:15.0]]
[2022.11.14-19.03.48:442][  0]LogConfig: Setting CVar [[r.SkyLight.RealTimeReflectionCapture:1]]
[2022.11.14-19.03.48:442][  0]LogConfig: Applying CVar settings from Section [FoliageQuality@3] File [C:/Users/latys/OneDrive/Документы/Unreal Projects/MyProject/Saved/Config/Windows/Scalability.ini]
[2022.11.14-19.03.48:442][  0]LogConfig: Setting CVar [[foliage.DensityScale:1.0]]
[2022.11.14-19.03.48:442][  0]LogConfig: Setting CVar [[grass.DensityScale:1.0]]
[2022.11.14-19.03.48:442][  0]LogConfig: Applying CVar settings from Section [ShadingQuality@3] File [C:/Users/latys/OneDrive/Документы/Unreal Projects/MyProject/Saved/Config/Windows/Scalability.ini]
[2022.11.14-19.03.48:442][  0]LogConfig: Setting CVar [[r.HairStrands.SkyLighting.IntegrationType:2]]
[2022.11.14-19.03.48:442][  0]LogConfig: Setting CVar [[r.HairStrands.SkyAO.SampleCount:4]]
[2022.11.14-19.03.48:442][  0]LogConfig: Setting CVar [[r.HairStrands.Visibility.MSAA.SamplePerPixel:4]]
[2022.11.14-19.03.48:442][  0]LogInit: Selected Device Profile: [Windows]
[2022.11.14-19.03.48:442][  0]LogInit: Applying CVar settings loaded from the selected device profile: [Windows]
[2022.11.14-19.03.48:442][  0]LogHAL: Display: Platform has ~ 16 GB [16832880640 / 17179869184 / 16], which maps to Larger [LargestMinGB=32, LargerMinGB=12, DefaultMinGB=8, SmallerMinGB=6, SmallestMinGB=0)
[2022.11.14-19.03.48:442][  0]LogInit: Going up to parent DeviceProfile []
[2022.11.14-19.03.48:442][  0]LogConfig: Applying CVar settings from Section [ViewDistanceQuality@3] File [C:/Users/latys/OneDrive/Документы/Unreal Projects/MyProject/Saved/Config/Windows/Scalability.ini]
[2022.11.14-19.03.48:442][  0]LogConfig: Setting CVar [[r.SkeletalMeshLODBias:0]]
[2022.11.14-19.03.48:442][  0]LogConfig: Setting CVar [[r.ViewDistanceScale:1.0]]
[2022.11.14-19.03.48:442][  0]LogConfig: Applying CVar settings from Section [AntiAliasingQuality@3] File [C:/Users/latys/OneDrive/Документы/Unreal Projects/MyProject/Saved/Config/Windows/Scalability.ini]
[2022.11.14-19.03.48:442][  0]LogConfig: Setting CVar [[r.PostProcessAAQuality:4]]
[2022.11.14-19.03.48:442][  0]LogConfig: Applying CVar settings from Section [ShadowQuality@3] File [C:/Users/latys/OneDrive/Документы/Unreal Projects/MyProject/Saved/Config/Windows/Scalability.ini]
[2022.11.14-19.03.48:442][  0]LogConfig: Setting CVar [[r.LightFunctionQuality:1]]
[2022.11.14-19.03.48:442][  0]LogConfig: Setting CVar [[r.ShadowQuality:5]]
[2022.11.14-19.03.48:442][  0]LogConfig: Setting CVar [[r.Shadow.CSM.MaxCascades:10]]
[2022.11.14-19.03.48:442][  0]LogConfig: Setting CVar [[r.Shadow.MaxResolution:2048]]
[2022.11.14-19.03.48:442][  0]LogConfig: Setting CVar [[r.Shadow.MaxCSMResolution:2048]]
[2022.11.14-19.03.48:442][  0]LogConfig: Setting CVar [[r.Shadow.RadiusThreshold:0.01]]
[2022.11.14-19.03.48:442][  0]LogConfig: Setting CVar [[r.Shadow.DistanceScale:1.0]]
[2022.11.14-19.03.48:442][  0]LogConfig: Setting CVar [[r.Shadow.CSM.TransitionScale:1.0]]
[2022.11.14-19.03.48:442][  0]LogConfig: Setting CVar [[r.Shadow.PreShadowResolutionFactor:1.0]]
[2022.11.14-19.03.48:442][  0]LogConfig: Setting CVar [[r.DistanceFieldShadowing:1]]
[2022.11.14-19.03.48:442][  0]LogConfig: Setting CVar [[r.DistanceFieldAO:1]]
[2022.11.14-19.03.48:442][  0]LogConfig: Setting CVar [[r.AOQuality:2]]
[2022.11.14-19.03.48:443][  0]LogConfig: Setting CVar [[r.VolumetricFog:1]]
[2022.11.14-19.03.48:443][  0]LogConfig: Setting CVar [[r.VolumetricFog.GridPixelSize:8]]
[2022.11.14-19.03.48:443][  0]LogConfig: Setting CVar [[r.VolumetricFog.GridSizeZ:128]]
[2022.11.14-19.03.48:443][  0]LogConfig: Setting CVar [[r.VolumetricFog.HistoryMissSupersampleCount:4]]
[2022.11.14-19.03.48:443][  0]LogConfig: Setting CVar [[r.LightMaxDrawDistanceScale:1]]
[2022.11.14-19.03.48:443][  0]LogConfig: Setting CVar [[r.CapsuleShadows:1]]
[2022.11.14-19.03.48:443][  0]LogConfig: Applying CVar settings from Section [PostProcessQuality@3] File [C:/Users/latys/OneDrive/Документы/Unreal Projects/MyProject/Saved/Config/Windows/Scalability.ini]
[2022.11.14-19.03.48:443][  0]LogConfig: Setting CVar [[r.MotionBlurQuality:4]]
[2022.11.14-19.03.48:443][  0]LogConfig: Setting CVar [[r.AmbientOcclusionMipLevelFactor:0.4]]
[2022.11.14-19.03.48:443][  0]LogConfig: Setting CVar [[r.AmbientOcclusionMaxQuality:100]]
[2022.11.14-19.03.48:443][  0]LogConfig: Setting CVar [[r.AmbientOcclusionLevels:-1]]
[2022.11.14-19.03.48:443][  0]LogConfig: Setting CVar [[r.AmbientOcclusionRadiusScale:1.0]]
[2022.11.14-19.03.48:443][  0]LogConfig: Setting CVar [[r.DepthOfFieldQuality:2]]
[2022.11.14-19.03.48:443][  0]LogConfig: Setting CVar [[r.RenderTargetPoolMin:400]]
[2022.11.14-19.03.48:443][  0]LogConfig: Setting CVar [[r.LensFlareQuality:2]]
[2022.11.14-19.03.48:443][  0]LogConfig: Setting CVar [[r.SceneColorFringeQuality:1]]
[2022.11.14-19.03.48:443][  0]LogConfig: Setting CVar [[r.EyeAdaptationQuality:2]]
[2022.11.14-19.03.48:443][  0]LogConfig: Setting CVar [[r.BloomQuality:5]]
[2022.11.14-19.03.48:443][  0]LogConfig: Setting CVar [[r.FastBlurThreshold:100]]
[2022.11.14-19.03.48:443][  0]LogConfig: Setting CVar [[r.Upscale.Quality:3]]
[2022.11.14-19.03.48:443][  0]LogConfig: Setting CVar [[r.Tonemapper.GrainQuantization:1]]
[2022.11.14-19.03.48:443][  0]LogConfig: Setting CVar [[r.LightShaftQuality:1]]
[2022.11.14-19.03.48:443][  0]LogConfig: Setting CVar [[r.Filter.SizeScale:1]]
[2022.11.14-19.03.48:443][  0]LogConfig: Setting CVar [[r.Tonemapper.Quality:5]]
[2022.11.14-19.03.48:443][  0]LogConfig: Setting CVar [[r.DOF.Gather.AccumulatorQuality:1        ; higher gathering accumulator quality]]
[2022.11.14-19.03.48:443][  0]LogConfig: Setting CVar [[r.DOF.Gather.PostfilterMethod:1          ; Median3x3 postfilering method]]
[2022.11.14-19.03.48:443][  0]LogConfig: Setting CVar [[r.DOF.Gather.EnableBokehSettings:0       ; no bokeh simulation when gathering]]
[2022.11.14-19.03.48:443][  0]LogConfig: Setting CVar [[r.DOF.Gather.RingCount:4                 ; medium number of samples when gathering]]
[2022.11.14-19.03.48:443][  0]LogConfig: Setting CVar [[r.DOF.Scatter.ForegroundCompositing:1    ; additive foreground scattering]]
[2022.11.14-19.03.48:443][  0]LogConfig: Setting CVar [[r.DOF.Scatter.BackgroundCompositing:2    ; additive background scattering]]
[2022.11.14-19.03.48:443][  0]LogConfig: Setting CVar [[r.DOF.Scatter.EnableBokehSettings:1      ; bokeh simulation when scattering]]
[2022.11.14-19.03.48:443][  0]LogConfig: Setting CVar [[r.DOF.Scatter.MaxSpriteRatio:0.1         ; only a maximum of 10% of scattered bokeh]]
[2022.11.14-19.03.48:443][  0]LogConfig: Setting CVar [[r.DOF.Recombine.Quality:1                ; cheap slight out of focus]]
[2022.11.14-19.03.48:443][  0]LogConfig: Setting CVar [[r.DOF.Recombine.EnableBokehSettings:0    ; no bokeh simulation on slight out of focus]]
[2022.11.14-19.03.48:443][  0]LogConfig: Setting CVar [[r.DOF.TemporalAAQuality:1                ; more stable temporal accumulation]]
[2022.11.14-19.03.48:443][  0]LogConfig: Setting CVar [[r.DOF.Kernel.MaxForegroundRadius:0.025]]
[2022.11.14-19.03.48:443][  0]LogConfig: Setting CVar [[r.DOF.Kernel.MaxBackgroundRadius:0.025]]
[2022.11.14-19.03.48:443][  0]LogConfig: Applying CVar settings from Section [TextureQuality@3] File [C:/Users/latys/OneDrive/Документы/Unreal Projects/MyProject/Saved/Config/Windows/Scalability.ini]
[2022.11.14-19.03.48:443][  0]LogConfig: Setting CVar [[r.Streaming.MipBias:0]]
[2022.11.14-19.03.48:443][  0]LogConfig: Setting CVar [[r.Streaming.AmortizeCPUToGPUCopy:0]]
[2022.11.14-19.03.48:443][  0]LogConfig: Setting CVar [[r.Streaming.MaxNumTexturesToStreamPerFrame:0]]
[2022.11.14-19.03.48:443][  0]LogConfig: Setting CVar [[r.Streaming.Boost:1]]
[2022.11.14-19.03.48:443][  0]LogConfig: Setting CVar [[r.MaxAnisotropy:8]]
[2022.11.14-19.03.48:443][  0]LogConfig: Setting CVar [[r.VT.MaxAnisotropy:8]]
[2022.11.14-19.03.48:443][  0]LogConfig: Setting CVar [[r.Streaming.LimitPoolSizeToVRAM:0]]
[2022.11.14-19.03.48:443][  0]LogConfig: Setting CVar [[r.Streaming.PoolSize:1000]]
[2022.11.14-19.03.48:443][  0]LogConfig: Setting CVar [[r.Streaming.MaxEffectiveScreenSize:0]]
[2022.11.14-19.03.48:443][  0]LogConfig: Applying CVar settings from Section [EffectsQuality@3] File [C:/Users/latys/OneDrive/Документы/Unreal Projects/MyProject/Saved/Config/Windows/Scalability.ini]
[2022.11.14-19.03.48:443][  0]LogConfig: Setting CVar [[r.TranslucencyLightingVolumeDim:64]]
[2022.11.14-19.03.48:443][  0]LogConfig: Setting CVar [[r.RefractionQuality:2]]
[2022.11.14-19.03.48:443][  0]LogConfig: Setting CVar [[r.SSR.Quality:3]]
[2022.11.14-19.03.48:443][  0]LogConfig: Setting CVar [[r.SSR.HalfResSceneColor:0]]
[2022.11.14-19.03.48:443][  0]LogConfig: Setting CVar [[r.SceneColorFormat:4]]
[2022.11.14-19.03.48:443][  0]LogConfig: Setting CVar [[r.DetailMode:2]]
[2022.11.14-19.03.48:443][  0]LogConfig: Setting CVar [[r.TranslucencyVolumeBlur:1]]
[2022.11.14-19.03.48:443][  0]LogConfig: Setting CVar [[r.MaterialQualityLevel:1 ; High quality]]
[2022.11.14-19.03.48:443][  0]LogConfig: Setting CVar [[r.AnisotropicMaterials:1]]
[2022.11.14-19.03.48:443][  0]LogConfig: Setting CVar [[r.SSS.Scale:1]]
[2022.11.14-19.03.48:443][  0]LogConfig: Setting CVar [[r.SSS.SampleSet:2]]
[2022.11.14-19.03.48:443][  0]LogConfig: Setting CVar [[r.SSS.Quality:1]]
[2022.11.14-19.03.48:443][  0]LogConfig: Setting CVar [[r.SSS.HalfRes:0]]
[2022.11.14-19.03.48:443][  0]LogConfig: Setting CVar [[r.SSGI.Quality:3]]
[2022.11.14-19.03.48:443][  0]LogConfig: Setting CVar [[r.EmitterSpawnRateScale:1.0]]
[2022.11.14-19.03.48:443][  0]LogConfig: Setting CVar [[r.ParticleLightQuality:2]]
[2022.11.14-19.03.48:443][  0]LogConfig: Setting CVar [[r.SkyAtmosphere.AerialPerspectiveLUT.FastApplyOnOpaque:1 ; Always have FastSkyLUT 1 in this case to avoid wrong sky]]
[2022.11.14-19.03.48:443][  0]LogConfig: Setting CVar [[r.SkyAtmosphere.AerialPerspectiveLUT.SampleCountMaxPerSlice:4]]
[2022.11.14-19.03.48:443][  0]LogConfig: Setting CVar [[r.SkyAtmosphere.AerialPerspectiveLUT.DepthResolution:16.0]]
[2022.11.14-19.03.48:443][  0]LogConfig: Setting CVar [[r.SkyAtmosphere.FastSkyLUT:1]]
[2022.11.14-19.03.48:443][  0]LogConfig: Setting CVar [[r.SkyAtmosphere.FastSkyLUT.SampleCountMin:4.0]]
[2022.11.14-19.03.48:443][  0]LogConfig: Setting CVar [[r.SkyAtmosphere.FastSkyLUT.SampleCountMax:128.0]]
[2022.11.14-19.03.48:443][  0]LogConfig: Setting CVar [[r.SkyAtmosphere.SampleCountMin:4.0]]
[2022.11.14-19.03.48:443][  0]LogConfig: Setting CVar [[r.SkyAtmosphere.SampleCountMax:128.0]]
[2022.11.14-19.03.48:443][  0]LogConfig: Setting CVar [[r.SkyAtmosphere.TransmittanceLUT.UseSmallFormat:0]]
[2022.11.14-19.03.48:443][  0]LogConfig: Setting CVar [[r.SkyAtmosphere.TransmittanceLUT.SampleCount:10.0]]
[2022.11.14-19.03.48:443][  0]LogConfig: Setting CVar [[r.SkyAtmosphere.MultiScatteringLUT.SampleCount:15.0]]
[2022.11.14-19.03.48:443][  0]LogConfig: Setting CVar [[r.SkyLight.RealTimeReflectionCapture:1]]
[2022.11.14-19.03.48:443][  0]LogConfig: Applying CVar settings from Section [FoliageQuality@3] File [C:/Users/latys/OneDrive/Документы/Unreal Projects/MyProject/Saved/Config/Windows/Scalability.ini]
[2022.11.14-19.03.48:443][  0]LogConfig: Setting CVar [[foliage.DensityScale:1.0]]
[2022.11.14-19.03.48:443][  0]LogConfig: Setting CVar [[grass.DensityScale:1.0]]
[2022.11.14-19.03.48:443][  0]LogConfig: Applying CVar settings from Section [ShadingQuality@3] File [C:/Users/latys/OneDrive/Документы/Unreal Projects/MyProject/Saved/Config/Windows/Scalability.ini]
[2022.11.14-19.03.48:443][  0]LogConfig: Setting CVar [[r.HairStrands.SkyLighting.IntegrationType:2]]
[2022.11.14-19.03.48:443][  0]LogConfig: Setting CVar [[r.HairStrands.SkyAO.SampleCount:4]]
[2022.11.14-19.03.48:443][  0]LogConfig: Setting CVar [[r.HairStrands.Visibility.MSAA.SamplePerPixel:4]]
[2022.11.14-19.03.48:443][  0]LogConfig: Applying CVar settings from Section [Startup] File [../../../Engine/Config/ConsoleVariables.ini]
[2022.11.14-19.03.48:444][  0]LogConfig: Setting CVar [[net.UseAdaptiveNetUpdateFrequency:0]]
[2022.11.14-19.03.48:444][  0]LogConfig: Setting CVar [[p.chaos.AllowCreatePhysxBodies:1]]
[2022.11.14-19.03.48:444][  0]LogConfig: Setting CVar [[fx.SkipVectorVMBackendOptimizations:1]]
[2022.11.14-19.03.48:444][  0]LogConfig: Applying CVar settings from Section [ConsoleVariables] File [C:/Users/latys/OneDrive/Документы/Unreal Projects/MyProject/Saved/Config/Windows/Engine.ini]
[2022.11.14-19.03.48:444][  0]LogConfig: Applying CVar settings from Section [ConsoleVariables] File [C:/Users/latys/OneDrive/Документы/Unreal Projects/MyProject/Saved/Config/Windows/Editor.ini]
[2022.11.14-19.03.48:444][  0]LogInit: Computer: DESKTOP-SDMPCBL
[2022.11.14-19.03.48:444][  0]LogInit: User: latys
[2022.11.14-19.03.48:444][  0]LogInit: CPU Page size=4096, Cores=6
[2022.11.14-19.03.48:444][  0]LogInit: High frequency timer resolution =10.000000 MHz
[2022.11.14-19.03.48:444][  0]LogMemory: Memory total: Physical=15.7GB (16GB approx)
[2022.11.14-19.03.48:444][  0]LogMemory: Platform Memory Stats for Windows
[2022.11.14-19.03.48:444][  0]LogMemory: Process Physical Memory: 143.12 MB used, 143.13 MB peak
[2022.11.14-19.03.48:444][  0]LogMemory: Process Virtual Memory: 126.01 MB used, 126.01 MB peak
[2022.11.14-19.03.48:444][  0]LogMemory: Physical Memory: 7615.29 MB used,  8437.79 MB free, 16053.09 MB total
[2022.11.14-19.03.48:444][  0]LogMemory: Virtual Memory: 134209488.00 MB used,  8242.14 MB free, 134217728.00 MB total
[2022.11.14-19.03.48:448][  0]LogWindows: WindowsPlatformFeatures enabled
[2022.11.14-19.03.48:479][  0]LogInit: Physics initialised using underlying interface: PhysX
[2022.11.14-19.03.48:479][  0]LogInit: Using OS detected language (ru-RU).
[2022.11.14-19.03.48:479][  0]LogInit: Using OS detected locale (ru-RU).
[2022.11.14-19.03.48:482][  0]LogTextLocalizationManager: No specific localization for 'ru-RU' exists, so the 'ru' localization will be used.
[2022.11.14-19.03.48:482][  0]LogTextLocalizationResource: LocRes '../../../Engine/Content/Localization/Editor/ru/Editor.locres' could not be opened for reading!
[2022.11.14-19.03.48:482][  0]LogTextLocalizationResource: LocRes '../../../Engine/Content/Localization/EditorTutorials/ru/EditorTutorials.locres' could not be opened for reading!
[2022.11.14-19.03.48:483][  0]LogTextLocalizationResource: LocRes '../../../Engine/Content/Localization/Keywords/ru/Keywords.locres' could not be opened for reading!
[2022.11.14-19.03.48:483][  0]LogTextLocalizationResource: LocRes '../../../Engine/Content/Localization/Category/ru/Category.locres' could not be opened for reading!
[2022.11.14-19.03.48:483][  0]LogTextLocalizationResource: LocRes '../../../Engine/Content/Localization/ToolTips/ru/ToolTips.locres' could not be opened for reading!
[2022.11.14-19.03.48:483][  0]LogTextLocalizationResource: LocRes '../../../Engine/Content/Localization/PropertyNames/ru/PropertyNames.locres' could not be opened for reading!
[2022.11.14-19.03.48:483][  0]LogTextLocalizationResource: LocRes '../../../Engine/Content/Localization/Engine/ru/Engine.locres' could not be opened for reading!
[2022.11.14-19.03.48:484][  0]LogInit: Setting process to per monitor DPI aware
[2022.11.14-19.03.48:495][  0]LogWindowsTextInputMethodSystem: Display: IME system deactivated.
[2022.11.14-19.03.48:507][  0]LogSlate: New Slate User Created.  User Index 0, Is Virtual User: 0
[2022.11.14-19.03.48:507][  0]LogSlate: Slate User Registered.  User Index 0, Is Virtual User: 0
[2022.11.14-19.03.48:616][  0]LogD3D11RHI: Loaded GFSDK_Aftermath_Lib.x64.dll
[2022.11.14-19.03.48:617][  0]LogHMD: Failed to initialize OpenVR with code 110
[2022.11.14-19.03.48:617][  0]LogD3D11RHI: D3D11 min allowed feature level: 11_0
[2022.11.14-19.03.48:618][  0]LogD3D11RHI: D3D11 max allowed feature level: 11_0
[2022.11.14-19.03.48:618][  0]LogD3D11RHI: D3D11 adapters:
[2022.11.14-19.03.48:706][  0]LogD3D11RHI:    0. 'NVIDIA GeForce GTX 1660 Ti' (Feature Level 11_0)
[2022.11.14-19.03.48:706][  0]LogD3D11RHI:       5991/0/8026 MB DedicatedVideo/DedicatedSystem/SharedSystem, Outputs:1, VendorId:0x10de
[2022.11.14-19.03.48:708][  0]LogD3D11RHI:    1. 'Microsoft Basic Render Driver' (Feature Level 11_0)
[2022.11.14-19.03.48:708][  0]LogD3D11RHI:       0/0/8026 MB DedicatedVideo/DedicatedSystem/SharedSystem, Outputs:0, VendorId:0x1414
[2022.11.14-19.03.48:708][  0]LogD3D11RHI: Chosen D3D11 Adapter:
[2022.11.14-19.03.48:708][  0]LogD3D11RHI:     Description : NVIDIA GeForce GTX 1660 Ti
[2022.11.14-19.03.48:708][  0]LogD3D11RHI:     VendorId    : 10de
[2022.11.14-19.03.48:708][  0]LogD3D11RHI:     DeviceId    : 2182
[2022.11.14-19.03.48:708][  0]LogD3D11RHI:     SubSysId    : 37501462
[2022.11.14-19.03.48:708][  0]LogD3D11RHI:     Revision    : 00a1
[2022.11.14-19.03.48:708][  0]LogD3D11RHI:     DedicatedVideoMemory : 6282018816 bytes
[2022.11.14-19.03.48:708][  0]LogD3D11RHI:     DedicatedSystemMemory : 0 bytes
[2022.11.14-19.03.48:708][  0]LogD3D11RHI:     SharedSystemMemory : 8416440320 bytes
[2022.11.14-19.03.48:708][  0]LogD3D11RHI:     AdapterLuid : 0 51838
[2022.11.14-19.03.48:713][  0]LogD3D11RHI: Creating new Direct3DDevice
[2022.11.14-19.03.48:713][  0]LogD3D11RHI:     GPU DeviceId: 0x2182 (for the marketing name, search the web for "GPU Device Id")
[2022.11.14-19.03.48:713][  0]LogWindows: EnumDisplayDevices:
[2022.11.14-19.03.48:713][  0]LogWindows:    0. 'NVIDIA GeForce GTX 1660 Ti' (P:1 D:1)
[2022.11.14-19.03.48:713][  0]LogWindows:    1. 'NVIDIA GeForce GTX 1660 Ti' (P:0 D:0)
[2022.11.14-19.03.48:713][  0]LogWindows:    2. 'NVIDIA GeForce GTX 1660 Ti' (P:0 D:0)
[2022.11.14-19.03.48:713][  0]LogWindows:    3. 'NVIDIA GeForce GTX 1660 Ti' (P:0 D:0)
[2022.11.14-19.03.48:714][  0]LogWindows: DebugString: FoundDriverCount:4 
[2022.11.14-19.03.48:714][  0]LogD3D11RHI:     Adapter Name: NVIDIA GeForce GTX 1660 Ti
[2022.11.14-19.03.48:714][  0]LogD3D11RHI:   Driver Version: 511.79 (internal:30.0.15.1179, unified:511.79)
[2022.11.14-19.03.48:714][  0]LogD3D11RHI:      Driver Date: 2-10-2022
[2022.11.14-19.03.48:714][  0]LogRHI: Texture pool is 4193 MB (70% of 5991 MB)
[2022.11.14-19.03.48:714][  0]LogD3D11RHI: Creating D3DDevice using adapter:
[2022.11.14-19.03.48:714][  0]LogD3D11RHI:     Description : NVIDIA GeForce GTX 1660 Ti
[2022.11.14-19.03.48:714][  0]LogD3D11RHI:     VendorId    : 10de
[2022.11.14-19.03.48:714][  0]LogD3D11RHI:     DeviceId    : 2182
[2022.11.14-19.03.48:714][  0]LogD3D11RHI:     SubSysId    : 37501462
[2022.11.14-19.03.48:714][  0]LogD3D11RHI:     Revision    : 00a1
[2022.11.14-19.03.48:714][  0]LogD3D11RHI:     DedicatedVideoMemory : 6282018816 bytes
[2022.11.14-19.03.48:714][  0]LogD3D11RHI:     DedicatedSystemMemory : 0 bytes
[2022.11.14-19.03.48:714][  0]LogD3D11RHI:     SharedSystemMemory : 8416440320 bytes
[2022.11.14-19.03.48:714][  0]LogD3D11RHI:     AdapterLuid : 0 51838
[2022.11.14-19.03.48:776][  0]LogD3D11RHI: RHI has support for 64 bit atomics
[2022.11.14-19.03.48:777][  0]LogD3D11RHI: Async texture creation enabled
[2022.11.14-19.03.48:777][  0]LogD3D11RHI: Array index from any shader is supported
[2022.11.14-19.03.48:798][  0]LogD3D11RHI: GPU Timing Frequency: 1000.000000 (Debug: 2 1)
[2022.11.14-19.03.48:830][  0]LogRHI: GeForceNow SDK initialized: 1
[2022.11.14-19.03.49:071][  0]LogTargetPlatformManager: Display: Loaded TargetPlatform 'AllDesktop'
[2022.11.14-19.03.49:089][  0]LogTargetPlatformManager: Display: Loaded TargetPlatform 'Android'
[2022.11.14-19.03.49:089][  0]LogTargetPlatformManager: Display: Loaded TargetPlatform 'Android_ASTC'
[2022.11.14-19.03.49:089][  0]LogTargetPlatformManager: Display: Loaded TargetPlatform 'Android_DXT'
[2022.11.14-19.03.49:089][  0]LogTargetPlatformManager: Display: Loaded TargetPlatform 'Android_ETC2'
[2022.11.14-19.03.49:089][  0]LogTargetPlatformManager: Display: Loaded TargetPlatform 'AndroidClient'
[2022.11.14-19.03.49:089][  0]LogTargetPlatformManager: Display: Loaded TargetPlatform 'Android_ASTCClient'
[2022.11.14-19.03.49:089][  0]LogTargetPlatformManager: Display: Loaded TargetPlatform 'Android_DXTClient'
[2022.11.14-19.03.49:089][  0]LogTargetPlatformManager: Display: Loaded TargetPlatform 'Android_ETC2Client'
[2022.11.14-19.03.49:089][  0]LogTargetPlatformManager: Display: Loaded TargetPlatform 'Android_Multi'
[2022.11.14-19.03.49:089][  0]LogTargetPlatformManager: Display: Loaded TargetPlatform 'Android_MultiClient'
[2022.11.14-19.03.49:104][  0]LogTargetPlatformManager: Display: Loaded TargetPlatform 'IOSClient'
[2022.11.14-19.03.49:104][  0]LogTargetPlatformManager: Display: Loaded TargetPlatform 'IOS'
[2022.11.14-19.03.49:112][  0]LogTargetPlatformManager: Display: Loaded TargetPlatform 'Linux'
[2022.11.14-19.03.49:116][  0]LogTargetPlatformManager: Display: Loaded TargetPlatform 'LinuxNoEditor'
[2022.11.14-19.03.49:119][  0]LogTargetPlatformManager: Display: Loaded TargetPlatform 'LinuxClient'
[2022.11.14-19.03.49:123][  0]LogTargetPlatformManager: Display: Loaded TargetPlatform 'LinuxServer'
[2022.11.14-19.03.49:131][  0]LogTargetPlatformManager: Display: Loaded TargetPlatform 'LinuxAArch64NoEditor'
[2022.11.14-19.03.49:135][  0]LogTargetPlatformManager: Display: Loaded TargetPlatform 'LinuxAArch64Client'
[2022.11.14-19.03.49:138][  0]LogTargetPlatformManager: Display: Loaded TargetPlatform 'LinuxAArch64Server'
[2022.11.14-19.03.49:159][  0]LogTargetPlatformManager: Display: Loaded TargetPlatform 'Lumin'
[2022.11.14-19.03.49:159][  0]LogTargetPlatformManager: Display: Loaded TargetPlatform 'LuminClient'
[2022.11.14-19.03.49:166][  0]LogTargetPlatformManager: Display: Loaded TargetPlatform 'MacNoEditor'
[2022.11.14-19.03.49:170][  0]LogTargetPlatformManager: Display: Loaded TargetPlatform 'Mac'
[2022.11.14-19.03.49:174][  0]LogTargetPlatformManager: Display: Loaded TargetPlatform 'MacClient'
[2022.11.14-19.03.49:177][  0]LogTargetPlatformManager: Display: Loaded TargetPlatform 'MacServer'
[2022.11.14-19.03.49:185][  0]LogTargetPlatformManager: Display: Loaded TargetPlatform 'TVOSClient'
[2022.11.14-19.03.49:185][  0]LogTargetPlatformManager: Display: Loaded TargetPlatform 'TVOS'
[2022.11.14-19.03.49:193][  0]LogTargetPlatformManager: Display: Loaded TargetPlatform 'WindowsNoEditor'
[2022.11.14-19.03.49:197][  0]LogTargetPlatformManager: Display: Loaded TargetPlatform 'Windows'
[2022.11.14-19.03.49:200][  0]LogTargetPlatformManager: Display: Loaded TargetPlatform 'WindowsClient'
[2022.11.14-19.03.49:205][  0]LogTargetPlatformManager: Display: Loaded TargetPlatform 'WindowsServer'
[2022.11.14-19.03.49:205][  0]LogTargetPlatformManager: Display: Building Assets For Windows
[2022.11.14-19.03.49:211][  0]LogAudioDebug: Display: Lib vorbis DLL was dynamically loaded.
[2022.11.14-19.03.49:238][  0]LogTextureFormatOodle: Display: Oodle Texture 2.9.0 init RDO Off
[2022.11.14-19.03.49:265][  0]LogRendererCore: Ray tracing is disabled. Reason: r.RayTracing=0.
[2022.11.14-19.03.49:265][  0]LogShaderCompilers: Guid format shader working directory is -23 characters bigger than the processId version (../../../../Users/latys/OneDrive/Документы/Unreal Projects/MyProject/Intermediate/Shaders/WorkingDirectory/17612/).
[2022.11.14-19.03.49:265][  0]LogShaderCompilers: Cleaned the shader compiler working directory 'C:/Users/latys/AppData/Local/Temp/UnrealShaderWorkingDir/895F41EE4F945E93EA725CA59AB5806D/'.
[2022.11.14-19.03.49:265][  0]LogXGEController: Cannot use XGE Controller as Incredibuild is not installed on this machine.
[2022.11.14-19.03.49:265][  0]LogShaderCompilers: Cannot use XGE Shader Compiler as Incredibuild is not installed on this machine.
[2022.11.14-19.03.49:265][  0]LogShaderCompilers: Display: Using Local Shader Compiler.
[2022.11.14-19.03.49:980][  0]LogDerivedDataCache: Display: Max Cache Size: 512 MB
[2022.11.14-19.03.50:030][  0]LogDerivedDataCache: Loaded boot cache 0.05s 94MB C:/Users/latys/AppData/Local/UnrealEngine/4.27/DerivedDataCache/Boot.ddc.
[2022.11.14-19.03.50:030][  0]LogDerivedDataCache: Display: Loaded Boot cache: C:/Users/latys/AppData/Local/UnrealEngine/4.27/DerivedDataCache/Boot.ddc
[2022.11.14-19.03.50:030][  0]LogDerivedDataCache: FDerivedDataBackendGraph:  Pak pak cache file ../../../../Users/latys/OneDrive/Документы/Unreal Projects/MyProject/DerivedDataCache/DDC.ddp not found, will not use a pak cache.
[2022.11.14-19.03.50:030][  0]LogDerivedDataCache: Unable to find inner node Pak for hierarchical cache Hierarchy.
[2022.11.14-19.03.50:030][  0]LogDerivedDataCache: FDerivedDataBackendGraph:  CompressedPak pak cache file ../../../../Users/latys/OneDrive/Документы/Unreal Projects/MyProject/DerivedDataCache/Compressed.ddp not found, will not use a pak cache.
[2022.11.14-19.03.50:030][  0]LogDerivedDataCache: Unable to find inner node CompressedPak for hierarchical cache Hierarchy.
[2022.11.14-19.03.50:045][  0]LogDerivedDataCache: Display: Pak cache opened for reading ../../../Engine/DerivedDataCache/Compressed.ddp.
[2022.11.14-19.03.50:045][  0]LogDerivedDataCache: FDerivedDataBackendGraph:  EnterprisePak pak cache file ../../../Enterprise/DerivedDataCache/Compressed.ddp not found, will not use a pak cache.
[2022.11.14-19.03.50:045][  0]LogDerivedDataCache: Unable to find inner node EnterprisePak for hierarchical cache Hierarchy.
[2022.11.14-19.03.50:071][  0]LogDerivedDataCache: Speed tests for C:/Users/latys/AppData/Local/UnrealEngine/Common/DerivedDataCache took 0.03 seconds
[2022.11.14-19.03.50:071][  0]LogDerivedDataCache: Display: Performance to C:/Users/latys/AppData/Local/UnrealEngine/Common/DerivedDataCache: Latency=0.02ms. RandomReadSpeed=1416.77MBs, RandomWriteSpeed=37.49MBs. Assigned SpeedClass 'Local'
[2022.11.14-19.03.50:072][  0]LogDerivedDataCache: Using Local data cache path C:/Users/latys/AppData/Local/UnrealEngine/Common/DerivedDataCache: Writable
[2022.11.14-19.03.50:072][  0]LogDerivedDataCache: Shared data cache path not found in *engine.ini, will not use an Shared cache.
[2022.11.14-19.03.50:072][  0]LogDerivedDataCache: Unable to find inner node Shared for hierarchical cache Hierarchy.
[2022.11.14-19.03.50:115][  0]LogSlate: Using FreeType 2.10.0
[2022.11.14-19.03.50:115][  0]LogSlate: SlateFontServices - WITH_FREETYPE: 1, WITH_HARFBUZZ: 1
[2022.11.14-19.03.50:138][  0]LogAssetRegistry: FAssetRegistry took 0.0024 seconds to start up
[2022.11.14-19.03.50:356][  0]LogInit: Selected Device Profile: [Windows]
[2022.11.14-19.03.50:356][  0]LogInit: Active device profile: [000002024169CF00][0000020237669880 49] Windows
[2022.11.14-19.03.50:356][  0]LogInit: Profiles: [000002024169CF00][0000020237669880 49] Windows, [000002024165A200][000002023769DA00 49] WindowsNoEditor, [000002024169DF00][0000020232D19B80 49] WindowsServer, [0000020241659400][0000020232D1C180 49] WindowsClient, [000002024169D000][000002023F890300 49] IOS, [000002024165BB00][000002023F894480 49] iPadAir, [000002024169F300][000002023F89C600 49] iPadAir2, [00000202415D5300][000002023F8A48C0 49] IPadPro, [00000202415D5400][000002023F8A0900 49] iPadAir3, [0000020241658B00][0000020232D48A40 49] iPadAir4, [00000202415D6100][000002023F8ACB80 49] iPadMini2, [000002024165B200][000002023F8B0CC0 49] iPadMini3, [00000202415D6C00][0000020238B5CE40 49] iPadMini4, [000002024165A500][0000020238B60FC0 49] iPadMini5, [0000020241608E00][0000020238B69280 49] iPhone6, [0000020241608F00][0000020238B652C0 49] iPodTouch6, [000002024169E800][0000020232D31580 49] iPhone7, [000002024169E900][0000020232D2D5C0 49] iPodTouch7, [00000202415D4C00][0000020232D35740 49] iPhone5S, [000002024169D300][0000020232D398C0 49] iPhone6Plus, [00000202415D6A00][0000020232D3DA40 49] iPhone6S, [000002024169ED00][0000020238B83BC0 49] iPhone6SPlus, [0000020241608100][0000020238B861C0 49] iPhone7Plus, [00000202415D5D00][0000020238B8A340 49] iPhoneSE, [0000020241608C00][0000020238B8E4C0 49] iPhone8, [00000202415D4400][0000020238B92640 49] iPhone8Plus, [000002024160AA00][0000020238B967C0 49] iPhoneX, [00000202415D7C00][0000020238B9A940 49] iPhoneXS, [000002024160A900][000002023762CAC0 49] iPhoneXSMax, [00000202415D4B00][000002023F8B4C00 49] iPhoneXR, [000002024169F800][0000020237630D40 49] iPhone11, [00000202415D7D00][0000020237698E80 49] iPhone11Pro, [000002024169DC00][0000020237694FC0 49] iPhone11ProMax, [00000202415D5100][000002023F899140 49] iPhoneSE2, [000002024169D200][00000202376352C0 49] iPhone12Mini, [00000202415D7100][0000020237639440 49] iPhone12, [000002024169C900][000002023763D5C0 49] iPhone12Pro, [00000202415D4D00][0000020237641740 49] iPhone12ProMax, [000002024169FC00][00000202376458C0 49] iPadPro105, [00000202415D7700][0000020237649A40 49] iPadPro129, [000002024169F000][000002023764DBC0 49] iPadPro97, [00000202415D4F00][00000202376501C0 49] iPadPro2_129, [000002024169CC00][0000020237654340 49] iPad5, [00000202415D7B00][00000202376584C0 49] iPad6, [000002024169C400][000002023765C640 49] iPad7, [00000202415D7E00][00000202376607C0 49] iPad8, [000002024169DB00][0000020237664940 49] iPadPro11, [00000202415D6400][000002023F79AAC0 49] iPadPro2_11, [000002024169C800][000002023F79EC40 49] iPadPro3_129, [00000202415D6800][000002023F8A8D80 49] iPadPro4_129, [000002024169EF00][000002023F7A2EC0 49] AppleTV, [00000202415D5200][000002023F7A7000 49] AppleTV4K, [000002024169D700][000002023F7AB140 49] TVOS, [00000202415D7600][000002023F7B32C0 49] Mac, [000002024169FA00][000002023F7B7440 49] MacClient, [00000202415D6500][000002022FBB75C0 49] MacNoEditor, [000002024169C500][000002022FBBB740 49] MacServer, [00000202415D6000][000002022FBBF8C0 49] Linux, [000002024169FB00][000002022FBC3A40 49] LinuxAArch64, [00000202415D4300][000002022FBC7BC0 49] LinuxNoEditor, [000002024169F700][000002022FBCA1C0 49] LinuxAArch64NoEditor, [00000202415D6600][000002022FBCE340 49] LinuxClient, [000002024169E600][000002022FBD24C0 49] LinuxAArch64Client, [00000202415D5A00][0000020242010640 49] LinuxServer, [000002024169C200][00000202420147C0 49] LinuxAArch64Server, [00000202415D5600][0000020242018940 49] Android, [000002024169E100][000002024201CAC0 49] Android_Low, [00000202415D7800][0000020242020C40 49] Android_Mid, [000002024169C600][0000020242024DC0 49] Android_High, [00000202415D6300][0000020242028F40 49] Android_Default, [000002024169E300][000002023F7AF080 49] Android_Adreno4xx, [00000202415D7000][000002024202D1C0 49] Android_Adreno5xx_Low, [000002024169EA00][0000020242031300 49] Android_Adreno5xx, [00000202415D4100][0000020242039480 49] Android_Adreno6xx, [000002024169CB00][000002024203D600 49] Android_Adreno6xx_Vulkan, [00000202415D4A00][0000020242041780 49] Android_Mali_T6xx, [000002024169C700][0000020242045900 49] Android_Mali_T7xx, [0000020241659800][0000020242049A80 49] Android_Mali_T8xx, [0000020241608300][000002024204DC00 49] Android_Mali_G71, [0000020241658600][0000020242050200 49] Android_Mali_G72, [0000020241609200][0000020242054380 49] Android_Mali_G72_Vulkan, [000002024165B900][0000020242058500 49] Android_Mali_G76, [0000020241608700][000002024205C680 49] Android_Mali_G76_Vulkan, [000002024165B800][0000020242060800 49] Android_Mali_G77, [000002024160BB00][0000020242064980 49] Android_Mali_G77_Vulkan, [0000020241659900][0000020242068B00 49] Android_Mali_G78, [000002024160B100][000002024206CC80 49] Android_Mali_G78_Vulkan, [000002024165B700][0000020242070E00 49] Android_Mali_G710, [000002024160AC00][0000020242074F80 49] Android_Mali_G710_Vulkan, [000002024165B400][0000020242079100 49] Android_Vulkan_SM5, [000002024160B800][0000020242035240 49] Android_PowerVR_G6xxx, [0000020241659700][000002024207D380 49] Android_PowerVR_GT7xxx, [0000020241609D00][000002023F7BB4C0 49] Android_PowerVR_GE8xxx, [000002024165AB00][000002023F7C3640 49] Android_PowerVR_GM9xxx, [0000020241608800][000002023F7C77C0 49] Android_PowerVR_GM9xxx_Vulkan, [0000020241659A00][000002023F7CB940 49] Android_TegraK1, [0000020241609000][000002023F7CFAC0 49] Android_Unknown_Vulkan, [000002024165A100][000002023F7D20C0 49] Lumin, [000002024160BE00][000002023F7D6240 49] Lumin_Desktop, [000002024165A900][000002023F7DA3C0 49] HoloLens, 
[2022.11.14-19.03.50:470][  0]LogMeshReduction: Using QuadricMeshReduction for automatic static mesh reduction
[2022.11.14-19.03.50:470][  0]LogMeshReduction: Using SimplygonMeshReduction for automatic skeletal mesh reduction
[2022.11.14-19.03.50:470][  0]LogMeshReduction: Using ProxyLODMeshReduction for automatic mesh merging
[2022.11.14-19.03.50:470][  0]LogMeshReduction: No distributed automatic mesh merging module available
[2022.11.14-19.03.50:470][  0]LogMeshMerging: No distributed automatic mesh merging module available
[2022.11.14-19.03.50:481][  0]LogNetVersion: MyProject 1.0.0, NetCL: 17155196, EngineNetVer: 17, GameNetVer: 0 (Checksum: 3629800737)
[2022.11.14-19.03.50:800][  0]LogTexture: Default maximum texture size for cubemaps generated from long-lat sources has been changed from 512 to unlimited. In order to preserve old behaiour for '/Engine/MapTemplates/Sky/DaylightAmbientCubemap.DaylightAmbientCubemap', its maximum texture size has been explicitly set to 512.
[2022.11.14-19.03.50:848][  0]LogHMD: PokeAHoleMaterial loaded successfully
[2022.11.14-19.03.50:853][  0]LogUObjectArray: 17178 objects as part of root set at end of initial load.
[2022.11.14-19.03.50:853][  0]LogUObjectAllocator: 4302048 out of 0 bytes used by permanent object pool.
[2022.11.14-19.03.50:853][  0]LogUObjectArray: CloseDisregardForGC: 0/0 objects in disregard for GC pool
[2022.11.14-19.03.51:074][  0]LogNiagaraDebuggerClient: Niagara Debugger Client Initialized | Session: 731EB7734999B60C4B0804A3E979C55E | Instance: 6C7F0DD348D9FAC73BB0119D800F1BBD (DESKTOP-SDMPCBL-17612).
[2022.11.14-19.03.51:172][  0]LogPython: Using Python 3.7.7
[2022.11.14-19.03.51:684][  0]LogTcpMessaging: Initializing TcpMessaging bridge
[2022.11.14-19.03.51:688][  0]LogUdpMessaging: Initializing bridge on interface 0.0.0.0:0 to multicast group 230.0.0.1:6666.
[2022.11.14-19.03.51:812][  0]SourceControl: Source control is disabled
[2022.11.14-19.03.51:812][  0]SourceControl: Source control is disabled
[2022.11.14-19.03.51:815][  0]SourceControl: Source control is disabled
[2022.11.14-19.03.51:817][  0]SourceControl: Source control is disabled
[2022.11.14-19.03.51:824][  0]SourceControl: Source control is disabled
[2022.11.14-19.03.51:829][  0]LogUProjectInfo: Found projects:
[2022.11.14-19.03.51:834][  0]LogVSAccessor: Display: Unable to create Visual Studio setup instance: 80040154
[2022.11.14-19.03.51:835][  0]LogVSAccessor: Display: Unable to create Visual Studio setup instance: 80040154
[2022.11.14-19.03.51:835][  0]LogVSAccessor: Display: Unable to create Visual Studio setup instance: 80040154
[2022.11.14-19.03.52:010][  0]LogOpenImageDenoise: OIDN starting up
[2022.11.14-19.03.52:049][  0]LogAudioCaptureCore: Display: No Audio Capture implementations found. Audio input will be silent.
[2022.11.14-19.03.52:049][  0]LogAudioCaptureCore: Display: No Audio Capture implementations found. Audio input will be silent.
[2022.11.14-19.03.52:059][  0]LogAndroidPermission: UAndroidPermissionCallbackProxy::GetInstance
[2022.11.14-19.03.52:156][  0]LogCollectionManager: Loaded 0 collections in 0.001515 seconds
[2022.11.14-19.03.52:177][  0]LogFileCache: Scanning file cache for directory 'C:/Users/latys/OneDrive/Документы/Unreal Projects/MyProject/Saved/Collections/' took 0.00s
[2022.11.14-19.03.52:177][  0]LogFileCache: Scanning file cache for directory 'C:/Users/latys/OneDrive/Документы/Unreal Projects/MyProject/Content/Developers/latys/Collections/' took 0.00s
[2022.11.14-19.03.52:177][  0]LogFileCache: Scanning file cache for directory 'C:/Users/latys/OneDrive/Документы/Unreal Projects/MyProject/Content/Collections/' took 0.00s
[2022.11.14-19.03.52:177][  0]LogOcInput: OculusInput pre-init called
[2022.11.14-19.03.52:383][  0]LogEngine: Initializing Engine...
[2022.11.14-19.03.52:385][  0]LogHMD: Failed to enumerate extensions. Please check that you have a valid OpenXR runtime installed.
[2022.11.14-19.03.52:386][  0]LogHMD: Failed to initialize OpenVR with code 110
[2022.11.14-19.03.52:386][  0]LogMagicLeap: Warning: VR disabled because ZI is not enabled.  To enable, in the editor, Edit -> Project Settings -> Plugins -> Magic Leap Plugin -> Enable Zero Iteration
[2022.11.14-19.03.52:386][  0]LogStats: UGameplayTagsManager::InitializeManager -  0.000 s
[2022.11.14-19.03.52:486][  0]LogInit: Initializing FReadOnlyCVARCache
[2022.11.14-19.03.52:493][  0]LogAIModule: Creating AISystem for world Untitled
[2022.11.14-19.03.52:500][  0]LogAudio: Display: Initializing Audio Device Manager...
[2022.11.14-19.03.52:503][  0]LogAudio: Display: Loading Default Audio Settings Objects...
[2022.11.14-19.03.52:503][  0]LogAudio: Display: No default SoundConcurrencyObject specified (or failed to load).
[2022.11.14-19.03.52:504][  0]LogAudio: Display: Audio Device Manager Initialized
[2022.11.14-19.03.52:504][  0]LogAudio: Display: Creating Audio Device:                 Id: 1, Scope: Shared, Realtime: True
[2022.11.14-19.03.52:504][  0]LogAudioMixer: Display: Audio Mixer Platform Settings:
[2022.11.14-19.03.52:504][  0]LogAudioMixer: Display: 	Sample Rate:						  48000
[2022.11.14-19.03.52:504][  0]LogAudioMixer: Display: 	Callback Buffer Frame Size Requested: 1024
[2022.11.14-19.03.52:504][  0]LogAudioMixer: Display: 	Callback Buffer Frame Size To Use:	  1024
[2022.11.14-19.03.52:504][  0]LogAudioMixer: Display: 	Number of buffers to queue:			  2
[2022.11.14-19.03.52:504][  0]LogAudioMixer: Display: 	Max Channels (voices):				  32
[2022.11.14-19.03.52:504][  0]LogAudioMixer: Display: 	Number of Async Source Workers:		  0
[2022.11.14-19.03.52:504][  0]LogAudio: Display: AudioDevice MaxSources: 32
[2022.11.14-19.03.52:504][  0]LogAudio: Display: Audio Spatialization Plugin: None (built-in).
[2022.11.14-19.03.52:504][  0]LogAudio: Display: Audio Reverb Plugin: None (built-in).
[2022.11.14-19.03.52:504][  0]LogAudio: Display: Audio Occlusion Plugin: None (built-in).
[2022.11.14-19.03.52:504][  0]LogAudioMixer: Display: Initializing audio mixer.
[2022.11.14-19.03.52:516][  0]LogAudioMixer: Display: 0: FrontLeft
[2022.11.14-19.03.52:516][  0]LogAudioMixer: Display: 1: FrontRight
[2022.11.14-19.03.52:540][  0]LogAudioMixer: Display: Using Audio Device Динамики (3- High Definition Audio Device)
[2022.11.14-19.03.52:542][  0]LogAudioMixer: Display: Initializing Sound Submixes...
[2022.11.14-19.03.52:544][  0]LogAudioMixer: Display: Creating Master Submix 'MasterSubmixDefault'
[2022.11.14-19.03.52:544][  0]LogAudioMixer: Display: Creating Master Submix 'MasterReverbSubmixDefault'
[2022.11.14-19.03.52:544][  0]LogAudioMixer: Display: Creating Master Submix 'MasterEQSubmixDefault'
[2022.11.14-19.03.52:545][  0]LogAudioMixer: FMixerPlatformXAudio2::StartAudioStream() called
[2022.11.14-19.03.52:545][  0]LogAudioMixer: Display: Output buffers initialized: Frames=1024, Channels=2, Samples=2048
[2022.11.14-19.03.52:546][  0]LogAudioMixer: Display: Starting AudioMixerPlatformInterface::RunInternal()
[2022.11.14-19.03.52:546][  0]LogAudioMixer: Display: FMixerPlatformXAudio2::SubmitBuffer() called for the first time
[2022.11.14-19.03.52:546][  0]LogInit: FAudioDevice initialized.
[2022.11.14-19.03.52:546][  0]LogAudio: Display: Audio Device (ID: 1) registered with world 'Untitled'.
[2022.11.14-19.03.52:546][  0]LogNetVersion: Set ProjectVersion to 1.0.0.0. Version Checksum will be recalculated on next use.
[2022.11.14-19.03.54:147][  0]LogDerivedDataCache: Saved boot cache 1.60s 94MB C:/Users/latys/AppData/Local/UnrealEngine/4.27/DerivedDataCache/Boot.ddc.
[2022.11.14-19.03.54:148][  0]LogInit: Texture streaming: Enabled
[2022.11.14-19.03.54:158][  0]LogAnalytics: Display: [UEEditor.Rocket.Release] APIServer = https://datarouter.ol.epicgames.com/. AppVersion = 4.27.2-18319896+++UE4+Release-4.27
[2022.11.14-19.03.54:161][  0]LogEngineSessionManager: EngineSessionManager initialized
[2022.11.14-19.03.54:161][  0]LogEditorSessionSummary: Verbose: Initializing EditorSessionSummaryWriter for editor session tracking
[2022.11.14-19.03.54:162][  0]LogEditorSessionSummary: EditorSessionSummaryWriter initialized
[2022.11.14-19.03.54:184][  0]LogInit: Transaction tracking system initialized
[2022.11.14-19.03.54:201][  0]BlueprintLog: New page: Editor Load
[2022.11.14-19.03.54:250][  0]LocalizationService: Localization service is disabled
[2022.11.14-19.03.54:269][  0]TimingProfiler: Initialize
[2022.11.14-19.03.54:269][  0]TimingProfiler: OnSessionChanged
[2022.11.14-19.03.54:269][  0]LoadingProfiler: Initialize
[2022.11.14-19.03.54:269][  0]LoadingProfiler: OnSessionChanged
[2022.11.14-19.03.54:269][  0]NetworkingProfiler: Initialize
[2022.11.14-19.03.54:269][  0]NetworkingProfiler: OnSessionChanged
[2022.11.14-19.03.54:269][  0]MemoryProfiler: Initialize
[2022.11.14-19.03.54:269][  0]MemoryProfiler: OnSessionChanged
[2022.11.14-19.03.54:316][  0]LogVSAccessor: Display: Unable to create Visual Studio setup instance: 80040154
[2022.11.14-19.03.54:316][  0]LogVSAccessor: Display: Unable to create Visual Studio setup instance: 80040154
[2022.11.14-19.03.54:317][  0]LogVSAccessor: Display: Unable to create Visual Studio setup instance: 80040154
[2022.11.14-19.03.54:394][  0]LogCook: Display: CookSettings for Memory: MemoryMaxUsedVirtual 0MiB, MemoryMaxUsedPhysical 16384MiB, MemoryMinFreeVirtual 0MiB, MemoryMinFreePhysical 1024MiB
[2022.11.14-19.03.54:394][  0]LogCook: Display: Mobile HDR setting 1
[2022.11.14-19.03.54:558][  0]LogFileCache: Scanning file cache for directory 'C:/Users/latys/OneDrive/Документы/Unreal Projects/MyProject/Content/' took 0.00s
[2022.11.14-19.03.54:728][  0]LogInit: Display: Engine is initialized. Leaving FEngineLoop::Init()
[2022.11.14-19.03.54:731][  0]SourceControl: Source control is disabled
[2022.11.14-19.03.54:731][  0]LogUnrealEdMisc: Loading editor; pre map load, took 7.356
[2022.11.14-19.03.54:731][  0]Cmd: MAP LOAD FILE="../../../../Users/latys/OneDrive/Документы/Unreal Projects/MyProject/Content/StarterContent/Maps/Minimal_Default.umap" TEMPLATE=0 SHOWPROGRESS=1 FEATURELEVEL=3
[2022.11.14-19.03.54:731][  0]LightingResults: New page: Lighting Build
[2022.11.14-19.03.54:732][  0]LogWorld: UWorld::CleanupWorld for Untitled, bSessionEnded=true, bCleanupResources=true
[2022.11.14-19.03.54:732][  0]LogSlate: InvalidateAllWidgets triggered.  All widgets were invalidated
[2022.11.14-19.03.54:732][  0]MapCheck: New page: Map Check
[2022.11.14-19.03.54:732][  0]LightingResults: New page: Lighting Build
[2022.11.14-19.03.54:736][  0]LogAudio: Display: Audio Device unregistered from world 'None'.
[2022.11.14-19.03.54:739][  0]LogUObjectHash: Compacting FUObjectHashTables data took   0.73ms
[2022.11.14-19.03.54:803][  0]LogTexture: Display: Building textures: DeprecatedTextureD6C57B644F03DADF4F2699848FAEA3C3 (BGRA8, 128X128)
[2022.11.14-19.03.54:810][  0]LogTexture: Display: Building textures: DeprecatedTexture8D91C9AE4C6B8D628CDA3C848426284A (BGRA8, 128X128)
[2022.11.14-19.03.54:823][  0]LogAudio: Display: Audio Device (ID: 1) registered with world 'Minimal_Default'.
[2022.11.14-19.03.54:824][  0]LogAIModule: Creating AISystem for world Minimal_Default
[2022.11.14-19.03.54:830][  0]LogEditorServer: Finished looking for orphan Actors (0.000 secs)
[2022.11.14-19.03.54:840][  0]LogUObjectHash: Compacting FUObjectHashTables data took   0.96ms
[2022.11.14-19.03.54:841][  0]Cmd: MAP CHECKDEP NOCLEARLOG
[2022.11.14-19.03.54:841][  0]MapCheck: Map check complete: 0 Error(s), 0 Warning(s), took 0,155ms to complete.
[2022.11.14-19.03.54:841][  0]LogFileHelpers: Loading map 'Minimal_Default' took 0.110
[2022.11.14-19.03.54:843][  0]LogUnrealEdMisc: Total Editor Startup Time, took 7.467
[2022.11.14-19.03.54:927][  0]LogSlate: Updating window title bar state: overlay mode, drag disabled, window buttons hidden, title bar hidden
[2022.11.14-19.03.54:933][  0]LogSlate: Updating window title bar state: overlay mode, drag disabled, window buttons hidden, title bar hidden
[2022.11.14-19.03.54:938][  0]LogSlate: Updating window title bar state: overlay mode, drag disabled, window buttons hidden, title bar hidden
[2022.11.14-19.03.54:944][  0]LogSlate: Updating window title bar state: overlay mode, drag disabled, window buttons hidden, title bar hidden
[2022.11.14-19.03.54:956][  0]LogNativeClassHierarchy: Verbose: Native class hierarchy populated in 0.0084 seconds. Added 3822 classes and 928 folders.
[2022.11.14-19.03.54:958][  0]LogNativeClassHierarchy: Verbose: Native class hierarchy updated for 'WidgetCarousel' in 0.0002 seconds. Added 0 classes and 0 folders.
[2022.11.14-19.03.54:959][  0]LogPakFile: PakFile PrimaryIndexSize=187
[2022.11.14-19.03.54:959][  0]LogPakFile: PakFile PathHashIndexSize=101
[2022.11.14-19.03.54:959][  0]LogPakFile: PakFile FullDirectoryIndexSize=148
[2022.11.14-19.03.54:959][  0]LogShaderLibrary: Display: ShaderCodeLibraryPakFileMountedCallback: PakFile 'C:/UE_4.27/FeaturePacks/FP_FirstPerson.upack' (chunk index -1, root 'root:/') mounted
[2022.11.14-19.03.54:959][  0]LogShaderLibrary: Display: ShaderCodeLibraryPakFileMountedCallback: pending pak file info (ChunkID:-1 Root:root:/ File:C:/UE_4.27/FeaturePacks/FP_FirstPerson.upack)
[2022.11.14-19.03.54:959][  0]LogPakFile: OnPakFileMounted2Time == 0.000052
[2022.11.14-19.03.54:960][  0]LogPakFile: PakFile PrimaryIndexSize=189
[2022.11.14-19.03.54:960][  0]LogPakFile: PakFile PathHashIndexSize=101
[2022.11.14-19.03.54:960][  0]LogPakFile: PakFile FullDirectoryIndexSize=152
[2022.11.14-19.03.54:960][  0]LogShaderLibrary: Display: ShaderCodeLibraryPakFileMountedCallback: PakFile 'C:/UE_4.27/FeaturePacks/FP_FirstPersonBP.upack' (chunk index -1, root 'root:/') mounted
[2022.11.14-19.03.54:960][  0]LogShaderLibrary: Display: ShaderCodeLibraryPakFileMountedCallback: pending pak file info (ChunkID:-1 Root:root:/ File:C:/UE_4.27/FeaturePacks/FP_FirstPersonBP.upack)
[2022.11.14-19.03.54:960][  0]LogPakFile: OnPakFileMounted2Time == 0.000034
[2022.11.14-19.03.54:960][  0]LogPakFile: PakFile PrimaryIndexSize=191
[2022.11.14-19.03.54:960][  0]LogPakFile: PakFile PathHashIndexSize=101
[2022.11.14-19.03.54:960][  0]LogPakFile: PakFile FullDirectoryIndexSize=160
[2022.11.14-19.03.54:960][  0]LogShaderLibrary: Display: ShaderCodeLibraryPakFileMountedCallback: PakFile 'C:/UE_4.27/FeaturePacks/MobileStarterContent.upack' (chunk index -1, root 'root:/') mounted
[2022.11.14-19.03.54:960][  0]LogShaderLibrary: Display: ShaderCodeLibraryPakFileMountedCallback: pending pak file info (ChunkID:-1 Root:root:/ File:C:/UE_4.27/FeaturePacks/MobileStarterContent.upack)
[2022.11.14-19.03.54:961][  0]LogPakFile: OnPakFileMounted2Time == 0.000037
[2022.11.14-19.03.54:961][  0]LogPakFile: PakFile PrimaryIndexSize=185
[2022.11.14-19.03.54:961][  0]LogPakFile: PakFile PathHashIndexSize=101
[2022.11.14-19.03.54:961][  0]LogPakFile: PakFile FullDirectoryIndexSize=148
[2022.11.14-19.03.54:961][  0]LogShaderLibrary: Display: ShaderCodeLibraryPakFileMountedCallback: PakFile 'C:/UE_4.27/FeaturePacks/StarterContent.upack' (chunk index -1, root 'root:/') mounted
[2022.11.14-19.03.54:961][  0]LogShaderLibrary: Display: ShaderCodeLibraryPakFileMountedCallback: pending pak file info (ChunkID:-1 Root:root:/ File:C:/UE_4.27/FeaturePacks/StarterContent.upack)
[2022.11.14-19.03.54:961][  0]LogPakFile: OnPakFileMounted2Time == 0.000032
[2022.11.14-19.03.54:961][  0]LogPakFile: PakFile PrimaryIndexSize=190
[2022.11.14-19.03.54:961][  0]LogPakFile: PakFile PathHashIndexSize=101
[2022.11.14-19.03.54:961][  0]LogPakFile: PakFile FullDirectoryIndexSize=154
[2022.11.14-19.03.54:961][  0]LogShaderLibrary: Display: ShaderCodeLibraryPakFileMountedCallback: PakFile 'C:/UE_4.27/FeaturePacks/TP_2DSideScroller.upack' (chunk index -1, root 'root:/') mounted
[2022.11.14-19.03.54:961][  0]LogShaderLibrary: Display: ShaderCodeLibraryPakFileMountedCallback: pending pak file info (ChunkID:-1 Root:root:/ File:C:/UE_4.27/FeaturePacks/TP_2DSideScroller.upack)
[2022.11.14-19.03.54:962][  0]LogPakFile: OnPakFileMounted2Time == 0.000058
[2022.11.14-19.03.54:962][  0]LogPakFile: PakFile PrimaryIndexSize=192
[2022.11.14-19.03.54:962][  0]LogPakFile: PakFile PathHashIndexSize=101
[2022.11.14-19.03.54:962][  0]LogPakFile: PakFile FullDirectoryIndexSize=158
[2022.11.14-19.03.54:962][  0]LogShaderLibrary: Display: ShaderCodeLibraryPakFileMountedCallback: PakFile 'C:/UE_4.27/FeaturePacks/TP_2DSideScrollerBP.upack' (chunk index -1, root 'root:/') mounted
[2022.11.14-19.03.54:962][  0]LogShaderLibrary: Display: ShaderCodeLibraryPakFileMountedCallback: pending pak file info (ChunkID:-1 Root:root:/ File:C:/UE_4.27/FeaturePacks/TP_2DSideScrollerBP.upack)
[2022.11.14-19.03.54:962][  0]LogPakFile: OnPakFileMounted2Time == 0.000039
[2022.11.14-19.03.54:963][  0]LogPakFile: PakFile PrimaryIndexSize=182
[2022.11.14-19.03.54:963][  0]LogPakFile: PakFile PathHashIndexSize=101
[2022.11.14-19.03.54:963][  0]LogPakFile: PakFile FullDirectoryIndexSize=138
[2022.11.14-19.03.54:963][  0]LogShaderLibrary: Display: ShaderCodeLibraryPakFileMountedCallback: PakFile 'C:/UE_4.27/FeaturePacks/TP_Flying.upack' (chunk index -1, root 'root:/') mounted
[2022.11.14-19.03.54:963][  0]LogShaderLibrary: Display: ShaderCodeLibraryPakFileMountedCallback: pending pak file info (ChunkID:-1 Root:root:/ File:C:/UE_4.27/FeaturePacks/TP_Flying.upack)
[2022.11.14-19.03.54:963][  0]LogPakFile: OnPakFileMounted2Time == 0.000037
[2022.11.14-19.03.54:963][  0]LogPakFile: PakFile PrimaryIndexSize=184
[2022.11.14-19.03.54:963][  0]LogPakFile: PakFile PathHashIndexSize=101
[2022.11.14-19.03.54:963][  0]LogPakFile: PakFile FullDirectoryIndexSize=142
[2022.11.14-19.03.54:963][  0]LogShaderLibrary: Display: ShaderCodeLibraryPakFileMountedCallback: PakFile 'C:/UE_4.27/FeaturePacks/TP_FlyingBP.upack' (chunk index -1, root 'root:/') mounted
[2022.11.14-19.03.54:963][  0]LogShaderLibrary: Display: ShaderCodeLibraryPakFileMountedCallback: pending pak file info (ChunkID:-1 Root:root:/ File:C:/UE_4.27/FeaturePacks/TP_FlyingBP.upack)
[2022.11.14-19.03.54:963][  0]LogPakFile: OnPakFileMounted2Time == 0.000035
[2022.11.14-19.03.54:964][  0]LogPakFile: PakFile PrimaryIndexSize=188
[2022.11.14-19.03.54:964][  0]LogPakFile: PakFile PathHashIndexSize=101
[2022.11.14-19.03.54:964][  0]LogPakFile: PakFile FullDirectoryIndexSize=150
[2022.11.14-19.03.54:964][  0]LogShaderLibrary: Display: ShaderCodeLibraryPakFileMountedCallback: PakFile 'C:/UE_4.27/FeaturePacks/TP_HandheldARBP.upack' (chunk index -1, root 'root:/') mounted
[2022.11.14-19.03.54:964][  0]LogShaderLibrary: Display: ShaderCodeLibraryPakFileMountedCallback: pending pak file info (ChunkID:-1 Root:root:/ File:C:/UE_4.27/FeaturePacks/TP_HandheldARBP.upack)
[2022.11.14-19.03.54:964][  0]LogPakFile: OnPakFileMounted2Time == 0.000030
[2022.11.14-19.03.54:965][  0]LogPakFile: PakFile PrimaryIndexSize=182
[2022.11.14-19.03.54:965][  0]LogPakFile: PakFile PathHashIndexSize=101
[2022.11.14-19.03.54:965][  0]LogPakFile: PakFile FullDirectoryIndexSize=138
[2022.11.14-19.03.54:965][  0]LogShaderLibrary: Display: ShaderCodeLibraryPakFileMountedCallback: PakFile 'C:/UE_4.27/FeaturePacks/TP_Puzzle.upack' (chunk index -1, root 'root:/') mounted
[2022.11.14-19.03.54:965][  0]LogShaderLibrary: Display: ShaderCodeLibraryPakFileMountedCallback: pending pak file info (ChunkID:-1 Root:root:/ File:C:/UE_4.27/FeaturePacks/TP_Puzzle.upack)
[2022.11.14-19.03.54:965][  0]LogPakFile: OnPakFileMounted2Time == 0.000030
[2022.11.14-19.03.54:965][  0]LogPakFile: PakFile PrimaryIndexSize=184
[2022.11.14-19.03.54:965][  0]LogPakFile: PakFile PathHashIndexSize=101
[2022.11.14-19.03.54:965][  0]LogPakFile: PakFile FullDirectoryIndexSize=142
[2022.11.14-19.03.54:965][  0]LogShaderLibrary: Display: ShaderCodeLibraryPakFileMountedCallback: PakFile 'C:/UE_4.27/FeaturePacks/TP_PuzzleBP.upack' (chunk index -1, root 'root:/') mounted
[2022.11.14-19.03.54:965][  0]LogShaderLibrary: Display: ShaderCodeLibraryPakFileMountedCallback: pending pak file info (ChunkID:-1 Root:root:/ File:C:/UE_4.27/FeaturePacks/TP_PuzzleBP.upack)
[2022.11.14-19.03.54:965][  0]LogPakFile: OnPakFileMounted2Time == 0.000032
[2022.11.14-19.03.54:966][  0]LogPakFile: PakFile PrimaryIndexSize=183
[2022.11.14-19.03.54:966][  0]LogPakFile: PakFile PathHashIndexSize=101
[2022.11.14-19.03.54:966][  0]LogPakFile: PakFile FullDirectoryIndexSize=140
[2022.11.14-19.03.54:966][  0]LogShaderLibrary: Display: ShaderCodeLibraryPakFileMountedCallback: PakFile 'C:/UE_4.27/FeaturePacks/TP_Rolling.upack' (chunk index -1, root 'root:/') mounted
[2022.11.14-19.03.54:966][  0]LogShaderLibrary: Display: ShaderCodeLibraryPakFileMountedCallback: pending pak file info (ChunkID:-1 Root:root:/ File:C:/UE_4.27/FeaturePacks/TP_Rolling.upack)
[2022.11.14-19.03.54:966][  0]LogPakFile: OnPakFileMounted2Time == 0.000029
[2022.11.14-19.03.54:966][  0]LogPakFile: PakFile PrimaryIndexSize=185
[2022.11.14-19.03.54:966][  0]LogPakFile: PakFile PathHashIndexSize=101
[2022.11.14-19.03.54:966][  0]LogPakFile: PakFile FullDirectoryIndexSize=144
[2022.11.14-19.03.54:966][  0]LogShaderLibrary: Display: ShaderCodeLibraryPakFileMountedCallback: PakFile 'C:/UE_4.27/FeaturePacks/TP_RollingBP.upack' (chunk index -1, root 'root:/') mounted
[2022.11.14-19.03.54:966][  0]LogShaderLibrary: Display: ShaderCodeLibraryPakFileMountedCallback: pending pak file info (ChunkID:-1 Root:root:/ File:C:/UE_4.27/FeaturePacks/TP_RollingBP.upack)
[2022.11.14-19.03.54:966][  0]LogPakFile: OnPakFileMounted2Time == 0.000029
[2022.11.14-19.03.54:967][  0]LogPakFile: PakFile PrimaryIndexSize=188
[2022.11.14-19.03.54:967][  0]LogPakFile: PakFile PathHashIndexSize=101
[2022.11.14-19.03.54:967][  0]LogPakFile: PakFile FullDirectoryIndexSize=150
[2022.11.14-19.03.54:967][  0]LogShaderLibrary: Display: ShaderCodeLibraryPakFileMountedCallback: PakFile 'C:/UE_4.27/FeaturePacks/TP_SideScroller.upack' (chunk index -1, root 'root:/') mounted
[2022.11.14-19.03.54:967][  0]LogShaderLibrary: Display: ShaderCodeLibraryPakFileMountedCallback: pending pak file info (ChunkID:-1 Root:root:/ File:C:/UE_4.27/FeaturePacks/TP_SideScroller.upack)
[2022.11.14-19.03.54:967][  0]LogPakFile: OnPakFileMounted2Time == 0.000030
[2022.11.14-19.03.54:967][  0]LogPakFile: PakFile PrimaryIndexSize=190
[2022.11.14-19.03.54:967][  0]LogPakFile: PakFile PathHashIndexSize=101
[2022.11.14-19.03.54:967][  0]LogPakFile: PakFile FullDirectoryIndexSize=154
[2022.11.14-19.03.54:967][  0]LogShaderLibrary: Display: ShaderCodeLibraryPakFileMountedCallback: PakFile 'C:/UE_4.27/FeaturePacks/TP_SideScrollerBP.upack' (chunk index -1, root 'root:/') mounted
[2022.11.14-19.03.54:967][  0]LogShaderLibrary: Display: ShaderCodeLibraryPakFileMountedCallback: pending pak file info (ChunkID:-1 Root:root:/ File:C:/UE_4.27/FeaturePacks/TP_SideScrollerBP.upack)
[2022.11.14-19.03.54:967][  0]LogPakFile: OnPakFileMounted2Time == 0.000030
[2022.11.14-19.03.54:968][  0]LogPakFile: PakFile PrimaryIndexSize=187
[2022.11.14-19.03.54:968][  0]LogPakFile: PakFile PathHashIndexSize=101
[2022.11.14-19.03.54:968][  0]LogPakFile: PakFile FullDirectoryIndexSize=148
[2022.11.14-19.03.54:968][  0]LogShaderLibrary: Display: ShaderCodeLibraryPakFileMountedCallback: PakFile 'C:/UE_4.27/FeaturePacks/TP_ThirdPerson.upack' (chunk index -1, root 'root:/') mounted
[2022.11.14-19.03.54:968][  0]LogShaderLibrary: Display: ShaderCodeLibraryPakFileMountedCallback: pending pak file info (ChunkID:-1 Root:root:/ File:C:/UE_4.27/FeaturePacks/TP_ThirdPerson.upack)
[2022.11.14-19.03.54:968][  0]LogPakFile: OnPakFileMounted2Time == 0.000029
[2022.11.14-19.03.54:968][  0]LogPakFile: PakFile PrimaryIndexSize=189
[2022.11.14-19.03.54:968][  0]LogPakFile: PakFile PathHashIndexSize=101
[2022.11.14-19.03.54:968][  0]LogPakFile: PakFile FullDirectoryIndexSize=152
[2022.11.14-19.03.54:968][  0]LogShaderLibrary: Display: ShaderCodeLibraryPakFileMountedCallback: PakFile 'C:/UE_4.27/FeaturePacks/TP_ThirdPersonBP.upack' (chunk index -1, root 'root:/') mounted
[2022.11.14-19.03.54:968][  0]LogShaderLibrary: Display: ShaderCodeLibraryPakFileMountedCallback: pending pak file info (ChunkID:-1 Root:root:/ File:C:/UE_4.27/FeaturePacks/TP_ThirdPersonBP.upack)
[2022.11.14-19.03.54:968][  0]LogPakFile: OnPakFileMounted2Time == 0.000033
[2022.11.14-19.03.54:969][  0]LogPakFile: PakFile PrimaryIndexSize=183
[2022.11.14-19.03.54:969][  0]LogPakFile: PakFile PathHashIndexSize=101
[2022.11.14-19.03.54:969][  0]LogPakFile: PakFile FullDirectoryIndexSize=140
[2022.11.14-19.03.54:969][  0]LogShaderLibrary: Display: ShaderCodeLibraryPakFileMountedCallback: PakFile 'C:/UE_4.27/FeaturePacks/TP_TopDown.upack' (chunk index -1, root 'root:/') mounted
[2022.11.14-19.03.54:969][  0]LogShaderLibrary: Display: ShaderCodeLibraryPakFileMountedCallback: pending pak file info (ChunkID:-1 Root:root:/ File:C:/UE_4.27/FeaturePacks/TP_TopDown.upack)
[2022.11.14-19.03.54:969][  0]LogPakFile: OnPakFileMounted2Time == 0.000035
[2022.11.14-19.03.54:969][  0]LogPakFile: PakFile PrimaryIndexSize=185
[2022.11.14-19.03.54:969][  0]LogPakFile: PakFile PathHashIndexSize=101
[2022.11.14-19.03.54:969][  0]LogPakFile: PakFile FullDirectoryIndexSize=144
[2022.11.14-19.03.54:969][  0]LogShaderLibrary: Display: ShaderCodeLibraryPakFileMountedCallback: PakFile 'C:/UE_4.27/FeaturePacks/TP_TopDownBP.upack' (chunk index -1, root 'root:/') mounted
[2022.11.14-19.03.54:969][  0]LogShaderLibrary: Display: ShaderCodeLibraryPakFileMountedCallback: pending pak file info (ChunkID:-1 Root:root:/ File:C:/UE_4.27/FeaturePacks/TP_TopDownBP.upack)
[2022.11.14-19.03.54:969][  0]LogPakFile: OnPakFileMounted2Time == 0.000030
[2022.11.14-19.03.54:970][  0]LogPakFile: PakFile PrimaryIndexSize=185
[2022.11.14-19.03.54:970][  0]LogPakFile: PakFile PathHashIndexSize=101
[2022.11.14-19.03.54:970][  0]LogPakFile: PakFile FullDirectoryIndexSize=144
[2022.11.14-19.03.54:970][  0]LogShaderLibrary: Display: ShaderCodeLibraryPakFileMountedCallback: PakFile 'C:/UE_4.27/FeaturePacks/TP_TwinStick.upack' (chunk index -1, root 'root:/') mounted
[2022.11.14-19.03.54:970][  0]LogShaderLibrary: Display: ShaderCodeLibraryPakFileMountedCallback: pending pak file info (ChunkID:-1 Root:root:/ File:C:/UE_4.27/FeaturePacks/TP_TwinStick.upack)
[2022.11.14-19.03.54:970][  0]LogPakFile: OnPakFileMounted2Time == 0.000030
[2022.11.14-19.03.54:970][  0]LogPakFile: PakFile PrimaryIndexSize=187
[2022.11.14-19.03.54:970][  0]LogPakFile: PakFile PathHashIndexSize=101
[2022.11.14-19.03.54:970][  0]LogPakFile: PakFile FullDirectoryIndexSize=148
[2022.11.14-19.03.54:970][  0]LogShaderLibrary: Display: ShaderCodeLibraryPakFileMountedCallback: PakFile 'C:/UE_4.27/FeaturePacks/TP_TwinStickBP.upack' (chunk index -1, root 'root:/') mounted
[2022.11.14-19.03.54:970][  0]LogShaderLibrary: Display: ShaderCodeLibraryPakFileMountedCallback: pending pak file info (ChunkID:-1 Root:root:/ File:C:/UE_4.27/FeaturePacks/TP_TwinStickBP.upack)
[2022.11.14-19.03.54:970][  0]LogPakFile: OnPakFileMounted2Time == 0.000030
[2022.11.14-19.03.54:971][  0]LogPakFile: PakFile PrimaryIndexSize=183
[2022.11.14-19.03.54:971][  0]LogPakFile: PakFile PathHashIndexSize=101
[2022.11.14-19.03.54:971][  0]LogPakFile: PakFile FullDirectoryIndexSize=140
[2022.11.14-19.03.54:971][  0]LogShaderLibrary: Display: ShaderCodeLibraryPakFileMountedCallback: PakFile 'C:/UE_4.27/FeaturePacks/TP_Vehicle.upack' (chunk index -1, root 'root:/') mounted
[2022.11.14-19.03.54:971][  0]LogShaderLibrary: Display: ShaderCodeLibraryPakFileMountedCallback: pending pak file info (ChunkID:-1 Root:root:/ File:C:/UE_4.27/FeaturePacks/TP_Vehicle.upack)
[2022.11.14-19.03.54:971][  0]LogPakFile: OnPakFileMounted2Time == 0.000030
[2022.11.14-19.03.54:971][  0]LogPakFile: PakFile PrimaryIndexSize=186
[2022.11.14-19.03.54:971][  0]LogPakFile: PakFile PathHashIndexSize=101
[2022.11.14-19.03.54:971][  0]LogPakFile: PakFile FullDirectoryIndexSize=146
[2022.11.14-19.03.54:971][  0]LogShaderLibrary: Display: ShaderCodeLibraryPakFileMountedCallback: PakFile 'C:/UE_4.27/FeaturePacks/TP_VehicleAdv.upack' (chunk index -1, root 'root:/') mounted
[2022.11.14-19.03.54:971][  0]LogShaderLibrary: Display: ShaderCodeLibraryPakFileMountedCallback: pending pak file info (ChunkID:-1 Root:root:/ File:C:/UE_4.27/FeaturePacks/TP_VehicleAdv.upack)
[2022.11.14-19.03.54:971][  0]LogPakFile: OnPakFileMounted2Time == 0.000030
[2022.11.14-19.03.54:972][  0]LogPakFile: PakFile PrimaryIndexSize=188
[2022.11.14-19.03.54:972][  0]LogPakFile: PakFile PathHashIndexSize=101
[2022.11.14-19.03.54:972][  0]LogPakFile: PakFile FullDirectoryIndexSize=150
[2022.11.14-19.03.54:972][  0]LogShaderLibrary: Display: ShaderCodeLibraryPakFileMountedCallback: PakFile 'C:/UE_4.27/FeaturePacks/TP_VehicleAdvBP.upack' (chunk index -1, root 'root:/') mounted
[2022.11.14-19.03.54:972][  0]LogShaderLibrary: Display: ShaderCodeLibraryPakFileMountedCallback: pending pak file info (ChunkID:-1 Root:root:/ File:C:/UE_4.27/FeaturePacks/TP_VehicleAdvBP.upack)
[2022.11.14-19.03.54:972][  0]LogPakFile: OnPakFileMounted2Time == 0.000030
[2022.11.14-19.03.54:972][  0]LogPakFile: PakFile PrimaryIndexSize=185
[2022.11.14-19.03.54:972][  0]LogPakFile: PakFile PathHashIndexSize=101
[2022.11.14-19.03.54:972][  0]LogPakFile: PakFile FullDirectoryIndexSize=144
[2022.11.14-19.03.54:972][  0]LogShaderLibrary: Display: ShaderCodeLibraryPakFileMountedCallback: PakFile 'C:/UE_4.27/FeaturePacks/TP_VehicleBP.upack' (chunk index -1, root 'root:/') mounted
[2022.11.14-19.03.54:972][  0]LogShaderLibrary: Display: ShaderCodeLibraryPakFileMountedCallback: pending pak file info (ChunkID:-1 Root:root:/ File:C:/UE_4.27/FeaturePacks/TP_VehicleBP.upack)
[2022.11.14-19.03.54:972][  0]LogPakFile: OnPakFileMounted2Time == 0.000037
[2022.11.14-19.03.54:973][  0]LogPakFile: PakFile PrimaryIndexSize=192
[2022.11.14-19.03.54:973][  0]LogPakFile: PakFile PathHashIndexSize=101
[2022.11.14-19.03.54:973][  0]LogPakFile: PakFile FullDirectoryIndexSize=158
[2022.11.14-19.03.54:973][  0]LogShaderLibrary: Display: ShaderCodeLibraryPakFileMountedCallback: PakFile 'C:/UE_4.27/FeaturePacks/TP_VirtualRealityBP.upack' (chunk index -1, root 'root:/') mounted
[2022.11.14-19.03.54:973][  0]LogShaderLibrary: Display: ShaderCodeLibraryPakFileMountedCallback: pending pak file info (ChunkID:-1 Root:root:/ File:C:/UE_4.27/FeaturePacks/TP_VirtualRealityBP.upack)
[2022.11.14-19.03.54:973][  0]LogPakFile: OnPakFileMounted2Time == 0.000030
[2022.11.14-19.03.55:015][  0]LogNativeClassHierarchy: Verbose: Native class hierarchy updated for 'AddContentDialog' in 0.0002 seconds. Added 0 classes and 0 folders.
[2022.11.14-19.03.55:016][  0]LogNativeClassHierarchy: Verbose: Native class hierarchy updated for 'SceneOutliner' in 0.0002 seconds. Added 2 classes and 0 folders.
[2022.11.14-19.03.55:047][  0]LogSlate: Took 0.000136 seconds to synchronously load lazily loaded font '../../../Engine/Content/Slate/Fonts/Roboto-Regular.ttf' (155K)
[2022.11.14-19.03.55:048][  0]LogSlate: Took 0.000105 seconds to synchronously load lazily loaded font '../../../Engine/Content/Editor/Slate/Fonts/FontAwesome.ttf' (139K)
[2022.11.14-19.03.55:048][  0]LogSlate: Took 0.000093 seconds to synchronously load lazily loaded font '../../../Engine/Content/Slate/Fonts/Roboto-Bold.ttf' (160K)
[2022.11.14-19.03.55:125][  0]LogRenderer: Reallocating scene render targets to support 1208x580 Format 10 NumSamples 1 (Frame:1).
[2022.11.14-19.03.55:152][  0]LogSlate: Took 0.000143 seconds to synchronously load lazily loaded font '../../../Engine/Content/Slate/Fonts/Roboto-Light.ttf' (167K)
[2022.11.14-19.03.55:294][  0]LogNativeClassHierarchy: Verbose: Native class hierarchy updated for 'HierarchicalLODOutliner' in 0.0002 seconds. Added 0 classes and 0 folders.
[2022.11.14-19.03.55:295][  0]LogLoad: (Engine Initialization) Total time: 7.92 seconds
[2022.11.14-19.03.55:295][  0]LogLoad: (Engine Initialization) Total Blueprint compile time: 0.00 seconds
[2022.11.14-19.03.55:393][  0]LogAssetRegistry: Asset discovery search completed in 5.2558 seconds
[2022.11.14-19.03.55:398][  0]LogCollectionManager: Fixed up redirectors for 0 collections in 0.000003 seconds (updated 0 objects)
[2022.11.14-19.03.55:399][  0]LogContentStreaming: Texture pool size now 1000 MB
